<?xml version="1.0" encoding="UTF-8"?>
<!-- Generated by org.testng.reporters.JUnitXMLReporter -->
<testsuite hostname="LAPTOP-C44P0VHU" ignored="0" name="Default test" tests="3" failures="0" timestamp="26 Aug 2021 09:16:43 GMT" time="0.028" errors="0">
  <testcase name="@BeforeSuite initialization" time="0.0" classname="com.crm.qa.base.TestBase">
    <failure type="org.testng.TestNGException" message="
Parameter &amp;apos;browser&amp;apos; is required by BeforeSuite on method initialization but has not been marked @Optional or defined
in C:\Users\Saurabh\AppData\Local\Temp\testng-eclipse--43640574\testng-customsuite.xml">
      <![CDATA[org.testng.TestNGException: 
Parameter 'browser' is required by BeforeSuite on method initialization but has not been marked @Optional or defined
in C:\Users\Saurabh\AppData\Local\Temp\testng-eclipse--43640574\testng-customsuite.xml
	at org.testng.internal.Parameters.createParameters(Parameters.java:199)
	at org.testng.internal.Parameters.createParameters(Parameters.java:443)
	at org.testng.internal.Parameters.createConfigurationParameters(Parameters.java:118)
	at org.testng.internal.Invoker.invokeConfigurations(Invoker.java:206)
	at org.testng.internal.Invoker.invokeConfigurations(Invoker.java:146)
	at org.testng.SuiteRunner.privateRun(SuiteRunner.java:326)
	at org.testng.SuiteRunner.run(SuiteRunner.java:289)
	at org.testng.SuiteRunnerWorker.runSuite(SuiteRunnerWorker.java:52)
	at org.testng.SuiteRunnerWorker.run(SuiteRunnerWorker.java:86)
	at org.testng.TestNG.runSuitesSequentially(TestNG.java:1301)
	at org.testng.TestNG.runSuitesLocally(TestNG.java:1226)
	at org.testng.TestNG.runSuites(TestNG.java:1144)
	at org.testng.TestNG.run(TestNG.java:1115)
	at org.testng.remote.AbstractRemoteTestNG.run(AbstractRemoteTestNG.java:114)
	at org.testng.remote.RemoteTestNG.initAndRun(RemoteTestNG.java:251)
	at org.testng.remote.RemoteTestNG.main(RemoteTestNG.java:77)
]]>
    </failure>
  </testcase> <!-- @BeforeSuite initialization -->
  <testcase name="@BeforeMethod setup" time="0.0" classname="com.crm.qa.testcases.LoginPageTests">
    <skipped/>
  </testcase> <!-- @BeforeMethod setup -->
  <testcase name="@BeforeMethod setup" time="0.0" classname="com.crm.qa.testcases.LoginPageTests">
    <skipped/>
  </testcase> <!-- @BeforeMethod setup -->
  <testcase name="@BeforeMethod setup" time="0.0" classname="com.crm.qa.testcases.LoginPageTests">
    <skipped/>
  </testcase> <!-- @BeforeMethod setup -->
  <testcase name="verifyloginPageTitleTest" time="0.0" classname="com.crm.qa.testcases.LoginPageTests">
    <skipped/>
  </testcase> <!-- verifyloginPageTitleTest -->
  <testcase name="verifycrmLogoImageTest" time="0.0" classname="com.crm.qa.testcases.LoginPageTests">
    <skipped/>
  </testcase> <!-- verifycrmLogoImageTest -->
  <testcase name="verifyloginTest" time="0.0" classname="com.crm.qa.testcases.LoginPageTests">
    <skipped/>
  </testcase> <!-- verifyloginTest -->
</testsuite> <!-- Default test -->
