<?xml version="1.0" encoding="UTF-8"?>
<!-- Generated by org.testng.reporters.JUnitXMLReporter -->
<testsuite hostname="LAPTOP-C44P0VHU" ignored="3" name="FreeCRM App Test Cases" tests="1" failures="0" timestamp="24 Aug 2021 14:24:55 GMT" time="12.716" errors="0">
  <testcase name="verifyContactsPageTitleTest" time="1.417" classname="com.crm.qa.testcases.ContactsPageTests"/>
  <testcase name="verifyCreateContactTest" time="0.0" classname="com.crm.qa.testcases.ContactsPageTests">
    <ignored/>
  </testcase> <!-- verifyCreateContactTest -->
  <testcase name="verifyContactsPageLabelTest" time="0.0" classname="com.crm.qa.testcases.ContactsPageTests">
    <ignored/>
  </testcase> <!-- verifyContactsPageLabelTest -->
  <testcase name="verifyContactsTest" time="0.0" classname="com.crm.qa.testcases.ContactsPageTests">
    <ignored/>
  </testcase> <!-- verifyContactsTest -->
</testsuite> <!-- FreeCRM App Test Cases -->
