<?xml version="1.0" encoding="UTF-8"?>
<!-- Generated by org.testng.reporters.JUnitXMLReporter -->
<testsuite hostname="LAPTOP-C44P0VHU" ignored="8" name="FreeCRM App Test Cases" tests="7" failures="0" timestamp="27 Aug 2021 11:51:29 GMT" time="79.004" errors="0">
  <testcase name="verifyContactsPageTitleTest" time="1.586" classname="com.crm.qa.testcases.ContactsPageTests"/>
  <testcase name="verifyloginPageTitleTest" time="0.014" classname="com.crm.qa.testcases.LoginPageTests"/>
  <testcase name="verifyHomePageTitleTest" time="0.028" classname="com.crm.qa.testcases.HomePageTests"/>
  <testcase name="verifyContactsPageLabelTest" time="1.621" classname="com.crm.qa.testcases.ContactsPageTests"/>
  <testcase name="verifycrmLogoImageTest" time="0.13" classname="com.crm.qa.testcases.LoginPageTests"/>
  <testcase name="verifyHomePageUserNameLabelTest" time="0.255" classname="com.crm.qa.testcases.HomePageTests"/>
  <testcase name="verifyloginTest" time="5.161" classname="com.crm.qa.testcases.LoginPageTests"/>
  <testcase name="verifyCreateContactTest" time="0.0" classname="com.crm.qa.testcases.ContactsPageTests">
    <ignored/>
  </testcase> <!-- verifyCreateContactTest -->
  <testcase name="@AfterSuite endReport" time="0.0" classname="com.crm.qa.base.TestBase">
    <ignored/>
  </testcase> <!-- @AfterSuite endReport -->
  <testcase name="@AfterSuite endReport" time="0.0" classname="com.crm.qa.base.TestBase">
    <ignored/>
  </testcase> <!-- @AfterSuite endReport -->
  <testcase name="verifyContactsLinkHover" time="0.0" classname="com.crm.qa.testcases.HomePageTests">
    <ignored/>
  </testcase> <!-- verifyContactsLinkHover -->
  <testcase name="verifyContactsLinkTest" time="0.0" classname="com.crm.qa.testcases.HomePageTests">
    <ignored/>
  </testcase> <!-- verifyContactsLinkTest -->
  <testcase name="@BeforeSuite initialization" time="0.0" classname="com.crm.qa.base.TestBase">
    <ignored/>
  </testcase> <!-- @BeforeSuite initialization -->
  <testcase name="@BeforeSuite initialization" time="0.0" classname="com.crm.qa.base.TestBase">
    <ignored/>
  </testcase> <!-- @BeforeSuite initialization -->
  <testcase name="verifyContactsTest" time="0.0" classname="com.crm.qa.testcases.ContactsPageTests">
    <ignored/>
  </testcase> <!-- verifyContactsTest -->
</testsuite> <!-- FreeCRM App Test Cases -->
