<?xml version="1.0" encoding="UTF-8"?>
<!-- Generated by org.testng.reporters.JUnitXMLReporter -->
<testsuite hostname="LAPTOP-C44P0VHU" ignored="0" name="FreeCRM App Test Cases" tests="13" failures="0" timestamp="23 Aug 2021 12:15:25 GMT" time="287.451" errors="0">
  <testcase name="verifyloginPageTitleTest" time="0.02" classname="com.crm.qa.testcases.LoginPageTests"/>
  <testcase name="verifyHomePageTitleTest" time="0.024" classname="com.crm.qa.testcases.HomePageTests"/>
  <testcase name="verifyContactsPageTitleTest" time="1.749" classname="com.crm.qa.testcases.ContactsPageTests"/>
  <testcase name="verifycrmLogoImageTest" time="0.203" classname="com.crm.qa.testcases.LoginPageTests"/>
  <testcase name="verifyHomePageUserNameLabelTest" time="0.286" classname="com.crm.qa.testcases.HomePageTests"/>
  <testcase name="verifyContactsPageLabelTest" time="1.912" classname="com.crm.qa.testcases.ContactsPageTests"/>
  <testcase name="verifyloginTest" time="34.691" classname="com.crm.qa.testcases.LoginPageTests"/>
  <testcase name="verifyContactsLinkTest" time="3.115" classname="com.crm.qa.testcases.HomePageTests"/>
  <testcase name="verifyContactsTest" time="2.115" classname="com.crm.qa.testcases.ContactsPageTests"/>
  <testcase name="verifyContactsLinkHover" time="0.566" classname="com.crm.qa.testcases.HomePageTests"/>
  <testcase name="verifyCreateContactTest" time="5.352" classname="com.crm.qa.testcases.ContactsPageTests"/>
  <testcase name="verifyCreateContactTest" time="6.083" classname="com.crm.qa.testcases.ContactsPageTests"/>
  <testcase name="verifyCreateContactTest" time="3.098" classname="com.crm.qa.testcases.ContactsPageTests"/>
</testsuite> <!-- FreeCRM App Test Cases -->
