<?xml version="1.0" encoding="UTF-8"?>
<!-- Generated by org.testng.reporters.JUnitXMLReporter -->
<testsuite hostname="LAPTOP-C44P0VHU" ignored="3" name="FreeCRM App Test Cases" tests="3" failures="0" timestamp="24 Aug 2021 13:57:20 GMT" time="45.38" errors="0">
  <testcase name="verifyCreateContactTest" time="3.584" classname="com.crm.qa.testcases.ContactsPageTests"/>
  <testcase name="verifyCreateContactTest" time="3.278" classname="com.crm.qa.testcases.ContactsPageTests"/>
  <testcase name="verifyCreateContactTest" time="1.873" classname="com.crm.qa.testcases.ContactsPageTests"/>
  <testcase name="verifyContactsPageTitleTest" time="0.0" classname="com.crm.qa.testcases.ContactsPageTests">
    <ignored/>
  </testcase> <!-- verifyContactsPageTitleTest -->
  <testcase name="verifyContactsPageLabelTest" time="0.0" classname="com.crm.qa.testcases.ContactsPageTests">
    <ignored/>
  </testcase> <!-- verifyContactsPageLabelTest -->
  <testcase name="verifyContactsTest" time="0.0" classname="com.crm.qa.testcases.ContactsPageTests">
    <ignored/>
  </testcase> <!-- verifyContactsTest -->
</testsuite> <!-- FreeCRM App Test Cases -->
