<?xml version="1.0" encoding="UTF-8"?>
<testsuite xmlns:xsi="http://www.w3.org/2001/XMLSchema-instance" xsi:noNamespaceSchemaLocation="https://maven.apache.org/surefire/maven-surefire-plugin/xsd/surefire-test-report-3.0.xsd" version="3.0" name="TestSuite" time="46.419" tests="3" errors="0" skipped="0" failures="0">
  <properties>
[...]
</properties>
  <testcase name="verifyCreateContactTest[Mr., Samar, Sadabahar, Sharma, Microsoft](1)" classname="com.crm.qa.testcases.ContactsPageTests" time="3.575">
    <system-out><![CDATA[[TestNGContentHandler] [WARN] It is strongly recommended to add "<!DOCTYPE suite SYSTEM "http://testng.org/testng-1.0.dtd" >" at the top of your file, otherwise TestNG may fail or not work as expected.
08-24-2021 19:26:35 BrowserProperties.java INFO  [main] testproperties.BrowserProperties 38 - Reading Browser Properties.....
08-24-2021 19:26:35 WindowsActions.java INFO  [main] util.WindowsActions 21 - Properties File read successfully
08-24-2021 19:26:35 BrowserProperties.java INFO  [main] testproperties.BrowserProperties 53 - ***********************************************************************
08-24-2021 19:26:35 BrowserProperties.java INFO  [main] testproperties.BrowserProperties 54 - Broswer set as--->chrome
08-24-2021 19:26:35 BrowserProperties.java INFO  [main] testproperties.BrowserProperties 55 - Browser URL set as--->https://classic.freecrm.com/index.html
08-24-2021 19:26:35 BrowserProperties.java INFO  [main] testproperties.BrowserProperties 56 - Testing for Maximise Window Size--->true
08-24-2021 19:26:35 BrowserProperties.java INFO  [main] testproperties.BrowserProperties 57 - Testing for Headless Browser--->true
08-24-2021 19:26:35 BrowserProperties.java INFO  [main] testproperties.BrowserProperties 58 - User selected as--->groupautomation
08-24-2021 19:26:35 BrowserProperties.java INFO  [main] testproperties.BrowserProperties 59 - Password entered as--->Test@12345
08-24-2021 19:26:35 BrowserProperties.java INFO  [main] testproperties.BrowserProperties 60 - Browser Implicit Time selected as--->60
08-24-2021 19:26:35 BrowserProperties.java INFO  [main] testproperties.BrowserProperties 61 - Browser Page Load TIme selected as--->60
08-24-2021 19:26:35 BrowserProperties.java INFO  [main] testproperties.BrowserProperties 62 - ***********************************************************************
08-24-2021 19:26:35 TestEvidenceProperties.java INFO  [main] testproperties.TestEvidenceProperties 24 - Reading Test Evidence Properties.....
08-24-2021 19:26:35 WindowsActions.java INFO  [main] util.WindowsActions 21 - Properties File read successfully
08-24-2021 19:26:35 TestEvidenceProperties.java INFO  [main] testproperties.TestEvidenceProperties 33 - ***********************************************************************
08-24-2021 19:26:35 TestEvidenceProperties.java INFO  [main] testproperties.TestEvidenceProperties 34 - Test Evidence Folder Name set as--->Selenium_Evidence
08-24-2021 19:26:35 TestEvidenceProperties.java INFO  [main] testproperties.TestEvidenceProperties 35 - Test Evidence Folder Path set as--->C:\Users\Saurabh\OneDrive\Desktop
08-24-2021 19:26:35 TestEvidenceProperties.java INFO  [main] testproperties.TestEvidenceProperties 36 - ***********************************************************************
08-24-2021 19:26:35 WindowsActions.java INFO  [main] util.WindowsActions 30 - C:\Users\Saurabh\OneDrive\Desktop\Selenium_Evidence--->Folder already exists
08-24-2021 19:26:36 TestBase.java INFO  [main] base.TestBase 54 - Driver Initialised
08-24-2021 19:26:36 WebEventListener.java INFO  [main] listener.WebEventListener 23 - Before navigating to: 'https://classic.freecrm.com/index.html'
08-24-2021 19:26:41 WebEventListener.java INFO  [main] listener.WebEventListener 27 - Navigated to:'https://classic.freecrm.com/index.html'
08-24-2021 19:26:41 WebEventListener.java INFO  [main] listener.WebEventListener 76 - Trying to find Element By : By.name: username
08-24-2021 19:26:41 WebEventListener.java INFO  [main] listener.WebEventListener 80 - Found Element By : By.name: username
08-24-2021 19:26:41 WebEventListener.java INFO  [main] listener.WebEventListener 76 - Trying to find Element By : By.name: password
08-24-2021 19:26:41 WebEventListener.java INFO  [main] listener.WebEventListener 80 - Found Element By : By.name: password
08-24-2021 19:26:41 WebEventListener.java INFO  [main] listener.WebEventListener 76 - Trying to find Element By : By.xpath: //input[@type='submit']
08-24-2021 19:26:41 WebEventListener.java INFO  [main] listener.WebEventListener 80 - Found Element By : By.xpath: //input[@type='submit']
08-24-2021 19:26:41 WebEventListener.java INFO  [main] listener.WebEventListener 39 - Trying to click on: [[ChromeDriver: chrome on WINDOWS (76641d142dd734416ba980f649b2cf1f)] -> xpath: //input[@type='submit']]
08-24-2021 19:26:46 WebEventListener.java INFO  [main] listener.WebEventListener 43 - Clicked on: [[ChromeDriver: chrome on WINDOWS (76641d142dd734416ba980f649b2cf1f)] -> xpath: //input[@type='submit']]
08-24-2021 19:26:46 ContactsPageTests.java INFO  [main] testcases.ContactsPageTests 84 - Validating Creation of new contact
08-24-2021 19:26:46 WebEventListener.java INFO  [Forwarding actions on session 76641d142dd734416ba980f649b2cf1f to remote] listener.WebEventListener 76 - Trying to find Element By : By.xpath: //a[contains(text(),'Contacts')]
08-24-2021 19:26:46 WebEventListener.java INFO  [Forwarding actions on session 76641d142dd734416ba980f649b2cf1f to remote] listener.WebEventListener 80 - Found Element By : By.xpath: //a[contains(text(),'Contacts')]
08-24-2021 19:26:46 WebEventListener.java INFO  [main] listener.WebEventListener 76 - Trying to find Element By : By.all({By.xpath: //a[text()='Contacts']/parent::li//ul//a})
08-24-2021 19:26:46 WebEventListener.java INFO  [main] listener.WebEventListener 80 - Found Element By : By.all({By.xpath: //a[text()='Contacts']/parent::li//ul//a})
08-24-2021 19:26:46 WebEventListener.java INFO  [main] listener.WebEventListener 39 - Trying to click on: [[ChromeDriver: chrome on WINDOWS (76641d142dd734416ba980f649b2cf1f)] -> xpath: //a[text()='Contacts']/parent::li//ul//a]
08-24-2021 19:26:47 WebEventListener.java INFO  [main] listener.WebEventListener 43 - Clicked on: [[ChromeDriver: chrome on WINDOWS (76641d142dd734416ba980f649b2cf1f)] -> xpath: //a[text()='Contacts']/parent::li//ul//a]
08-24-2021 19:26:47 WebEventListener.java INFO  [main] listener.WebEventListener 76 - Trying to find Element By : By.xpath: //select[@class='select' and @name = 'title']
08-24-2021 19:26:47 WebEventListener.java INFO  [main] listener.WebEventListener 80 - Found Element By : By.xpath: //select[@class='select' and @name = 'title']
08-24-2021 19:26:47 WebEventListener.java INFO  [main] listener.WebEventListener 76 - Trying to find Element By : By.xpath: .//option[normalize-space(.) = "Mr."]
08-24-2021 19:26:47 WebEventListener.java INFO  [main] listener.WebEventListener 80 - Found Element By : By.xpath: .//option[normalize-space(.) = "Mr."]
08-24-2021 19:26:47 WebEventListener.java INFO  [main] listener.WebEventListener 39 - Trying to click on: [[[[ChromeDriver: chrome on WINDOWS (76641d142dd734416ba980f649b2cf1f)] -> xpath: //select[@class='select' and @name = 'title']]] -> xpath: .//option[normalize-space(.) = "Mr."]]
08-24-2021 19:26:47 WebEventListener.java INFO  [main] listener.WebEventListener 43 - Clicked on: [[[[ChromeDriver: chrome on WINDOWS (76641d142dd734416ba980f649b2cf1f)] -> xpath: //select[@class='select' and @name = 'title']]] -> xpath: .//option[normalize-space(.) = "Mr."]]
08-24-2021 19:26:47 WebEventListener.java INFO  [main] listener.WebEventListener 76 - Trying to find Element By : By.xpath: //input[@name='first_name']
08-24-2021 19:26:47 WebEventListener.java INFO  [main] listener.WebEventListener 80 - Found Element By : By.xpath: //input[@name='first_name']
08-24-2021 19:26:47 WebEventListener.java INFO  [main] listener.WebEventListener 76 - Trying to find Element By : By.xpath: //input[@name='middle_initial']
08-24-2021 19:26:47 WebEventListener.java INFO  [main] listener.WebEventListener 80 - Found Element By : By.xpath: //input[@name='middle_initial']
08-24-2021 19:26:48 WebEventListener.java INFO  [main] listener.WebEventListener 76 - Trying to find Element By : By.xpath: //input[@name='surname']
08-24-2021 19:26:48 WebEventListener.java INFO  [main] listener.WebEventListener 80 - Found Element By : By.xpath: //input[@name='surname']
08-24-2021 19:26:48 WebEventListener.java INFO  [main] listener.WebEventListener 76 - Trying to find Element By : By.xpath: //input[@name='client_lookup']
08-24-2021 19:26:48 WebEventListener.java INFO  [main] listener.WebEventListener 80 - Found Element By : By.xpath: //input[@name='client_lookup']
08-24-2021 19:26:48 WebEventListener.java INFO  [main] listener.WebEventListener 76 - Trying to find Element By : By.xpath: //input[@type='submit' and @value='Save']
08-24-2021 19:26:48 WebEventListener.java INFO  [main] listener.WebEventListener 80 - Found Element By : By.xpath: //input[@type='submit' and @value='Save']
08-24-2021 19:26:48 WebEventListener.java INFO  [main] listener.WebEventListener 39 - Trying to click on: [[ChromeDriver: chrome on WINDOWS (76641d142dd734416ba980f649b2cf1f)] -> xpath: //input[@type='submit' and @value='Save']]
08-24-2021 19:26:49 WebEventListener.java INFO  [main] listener.WebEventListener 43 - Clicked on: [[ChromeDriver: chrome on WINDOWS (76641d142dd734416ba980f649b2cf1f)] -> xpath: //input[@type='submit' and @value='Save']]
]]></system-out>
    <system-err><![CDATA[Starting ChromeDriver 91.0.4472.101 (af52a90bf87030dd1523486a1cd3ae25c5d76c9b-refs/branch-heads/4472@{#1462}) on port 18478
Only local connections are allowed.
Please see https://chromedriver.chromium.org/security-considerations for suggestions on keeping ChromeDriver safe.
ChromeDriver was started successfully.
[1629813396.529][WARNING]: This version of ChromeDriver has not been tested with Chrome version 92.
Aug 24, 2021 7:26:36 PM org.openqa.selenium.remote.ProtocolHandshake createSession
INFO: Detected dialect: W3C
]]></system-err>
  </testcase>
  <testcase name="verifyCreateContactTest[Mrs., Anupama, , Shah, DBS](2)" classname="com.crm.qa.testcases.ContactsPageTests" time="3.271">
    <system-out><![CDATA[08-24-2021 19:26:50 BrowserProperties.java INFO  [main] testproperties.BrowserProperties 38 - Reading Browser Properties.....
08-24-2021 19:26:50 WindowsActions.java INFO  [main] util.WindowsActions 21 - Properties File read successfully
08-24-2021 19:26:50 BrowserProperties.java INFO  [main] testproperties.BrowserProperties 53 - ***********************************************************************
08-24-2021 19:26:50 BrowserProperties.java INFO  [main] testproperties.BrowserProperties 54 - Broswer set as--->chrome
08-24-2021 19:26:50 BrowserProperties.java INFO  [main] testproperties.BrowserProperties 55 - Browser URL set as--->https://classic.freecrm.com/index.html
08-24-2021 19:26:50 BrowserProperties.java INFO  [main] testproperties.BrowserProperties 56 - Testing for Maximise Window Size--->true
08-24-2021 19:26:50 BrowserProperties.java INFO  [main] testproperties.BrowserProperties 57 - Testing for Headless Browser--->true
08-24-2021 19:26:50 BrowserProperties.java INFO  [main] testproperties.BrowserProperties 58 - User selected as--->groupautomation
08-24-2021 19:26:50 BrowserProperties.java INFO  [main] testproperties.BrowserProperties 59 - Password entered as--->Test@12345
08-24-2021 19:26:50 BrowserProperties.java INFO  [main] testproperties.BrowserProperties 60 - Browser Implicit Time selected as--->60
08-24-2021 19:26:50 BrowserProperties.java INFO  [main] testproperties.BrowserProperties 61 - Browser Page Load TIme selected as--->60
08-24-2021 19:26:50 BrowserProperties.java INFO  [main] testproperties.BrowserProperties 62 - ***********************************************************************
08-24-2021 19:26:50 TestEvidenceProperties.java INFO  [main] testproperties.TestEvidenceProperties 24 - Reading Test Evidence Properties.....
08-24-2021 19:26:50 WindowsActions.java INFO  [main] util.WindowsActions 21 - Properties File read successfully
08-24-2021 19:26:50 TestEvidenceProperties.java INFO  [main] testproperties.TestEvidenceProperties 33 - ***********************************************************************
08-24-2021 19:26:50 TestEvidenceProperties.java INFO  [main] testproperties.TestEvidenceProperties 34 - Test Evidence Folder Name set as--->Selenium_Evidence
08-24-2021 19:26:50 TestEvidenceProperties.java INFO  [main] testproperties.TestEvidenceProperties 35 - Test Evidence Folder Path set as--->C:\Users\Saurabh\OneDrive\Desktop
08-24-2021 19:26:50 TestEvidenceProperties.java INFO  [main] testproperties.TestEvidenceProperties 36 - ***********************************************************************
08-24-2021 19:26:50 WindowsActions.java INFO  [main] util.WindowsActions 30 - C:\Users\Saurabh\OneDrive\Desktop\Selenium_Evidence--->Folder already exists
08-24-2021 19:26:51 TestBase.java INFO  [main] base.TestBase 54 - Driver Initialised
08-24-2021 19:26:51 WebEventListener.java INFO  [main] listener.WebEventListener 23 - Before navigating to: 'https://classic.freecrm.com/index.html'
08-24-2021 19:26:56 WebEventListener.java INFO  [main] listener.WebEventListener 27 - Navigated to:'https://classic.freecrm.com/index.html'
08-24-2021 19:26:56 WebEventListener.java INFO  [main] listener.WebEventListener 76 - Trying to find Element By : By.name: username
08-24-2021 19:26:56 WebEventListener.java INFO  [main] listener.WebEventListener 80 - Found Element By : By.name: username
08-24-2021 19:26:56 WebEventListener.java INFO  [main] listener.WebEventListener 76 - Trying to find Element By : By.name: password
08-24-2021 19:26:56 WebEventListener.java INFO  [main] listener.WebEventListener 80 - Found Element By : By.name: password
08-24-2021 19:26:56 WebEventListener.java INFO  [main] listener.WebEventListener 76 - Trying to find Element By : By.xpath: //input[@type='submit']
08-24-2021 19:26:56 WebEventListener.java INFO  [main] listener.WebEventListener 80 - Found Element By : By.xpath: //input[@type='submit']
08-24-2021 19:26:56 WebEventListener.java INFO  [main] listener.WebEventListener 39 - Trying to click on: [[ChromeDriver: chrome on WINDOWS (a9a6dac50236c963cf43a749e5a077c3)] -> xpath: //input[@type='submit']]
08-24-2021 19:27:03 WebEventListener.java INFO  [main] listener.WebEventListener 43 - Clicked on: [[ChromeDriver: chrome on WINDOWS (a9a6dac50236c963cf43a749e5a077c3)] -> xpath: //input[@type='submit']]
08-24-2021 19:27:03 ContactsPageTests.java INFO  [main] testcases.ContactsPageTests 84 - Validating Creation of new contact
08-24-2021 19:27:03 WebEventListener.java INFO  [Forwarding actions on session a9a6dac50236c963cf43a749e5a077c3 to remote] listener.WebEventListener 76 - Trying to find Element By : By.xpath: //a[contains(text(),'Contacts')]
08-24-2021 19:27:03 WebEventListener.java INFO  [Forwarding actions on session a9a6dac50236c963cf43a749e5a077c3 to remote] listener.WebEventListener 80 - Found Element By : By.xpath: //a[contains(text(),'Contacts')]
08-24-2021 19:27:03 WebEventListener.java INFO  [main] listener.WebEventListener 76 - Trying to find Element By : By.all({By.xpath: //a[text()='Contacts']/parent::li//ul//a})
08-24-2021 19:27:03 WebEventListener.java INFO  [main] listener.WebEventListener 80 - Found Element By : By.all({By.xpath: //a[text()='Contacts']/parent::li//ul//a})
08-24-2021 19:27:03 WebEventListener.java INFO  [main] listener.WebEventListener 39 - Trying to click on: [[ChromeDriver: chrome on WINDOWS (a9a6dac50236c963cf43a749e5a077c3)] -> xpath: //a[text()='Contacts']/parent::li//ul//a]
08-24-2021 19:27:05 WebEventListener.java INFO  [main] listener.WebEventListener 43 - Clicked on: [[ChromeDriver: chrome on WINDOWS (a9a6dac50236c963cf43a749e5a077c3)] -> xpath: //a[text()='Contacts']/parent::li//ul//a]
08-24-2021 19:27:05 WebEventListener.java INFO  [main] listener.WebEventListener 76 - Trying to find Element By : By.xpath: //select[@class='select' and @name = 'title']
08-24-2021 19:27:05 WebEventListener.java INFO  [main] listener.WebEventListener 80 - Found Element By : By.xpath: //select[@class='select' and @name = 'title']
08-24-2021 19:27:05 WebEventListener.java INFO  [main] listener.WebEventListener 76 - Trying to find Element By : By.xpath: .//option[normalize-space(.) = "Mrs."]
08-24-2021 19:27:05 WebEventListener.java INFO  [main] listener.WebEventListener 80 - Found Element By : By.xpath: .//option[normalize-space(.) = "Mrs."]
08-24-2021 19:27:05 WebEventListener.java INFO  [main] listener.WebEventListener 39 - Trying to click on: [[[[ChromeDriver: chrome on WINDOWS (a9a6dac50236c963cf43a749e5a077c3)] -> xpath: //select[@class='select' and @name = 'title']]] -> xpath: .//option[normalize-space(.) = "Mrs."]]
08-24-2021 19:27:05 WebEventListener.java INFO  [main] listener.WebEventListener 43 - Clicked on: [[[[ChromeDriver: chrome on WINDOWS (a9a6dac50236c963cf43a749e5a077c3)] -> xpath: //select[@class='select' and @name = 'title']]] -> xpath: .//option[normalize-space(.) = "Mrs."]]
08-24-2021 19:27:05 WebEventListener.java INFO  [main] listener.WebEventListener 76 - Trying to find Element By : By.xpath: //input[@name='first_name']
08-24-2021 19:27:05 WebEventListener.java INFO  [main] listener.WebEventListener 80 - Found Element By : By.xpath: //input[@name='first_name']
08-24-2021 19:27:05 WebEventListener.java INFO  [main] listener.WebEventListener 76 - Trying to find Element By : By.xpath: //input[@name='surname']
08-24-2021 19:27:05 WebEventListener.java INFO  [main] listener.WebEventListener 80 - Found Element By : By.xpath: //input[@name='surname']
08-24-2021 19:27:05 WebEventListener.java INFO  [main] listener.WebEventListener 76 - Trying to find Element By : By.xpath: //input[@name='client_lookup']
08-24-2021 19:27:05 WebEventListener.java INFO  [main] listener.WebEventListener 80 - Found Element By : By.xpath: //input[@name='client_lookup']
08-24-2021 19:27:05 WebEventListener.java INFO  [main] listener.WebEventListener 76 - Trying to find Element By : By.xpath: //input[@type='submit' and @value='Save']
08-24-2021 19:27:05 WebEventListener.java INFO  [main] listener.WebEventListener 80 - Found Element By : By.xpath: //input[@type='submit' and @value='Save']
08-24-2021 19:27:05 WebEventListener.java INFO  [main] listener.WebEventListener 39 - Trying to click on: [[ChromeDriver: chrome on WINDOWS (a9a6dac50236c963cf43a749e5a077c3)] -> xpath: //input[@type='submit' and @value='Save']]
08-24-2021 19:27:06 WebEventListener.java INFO  [main] listener.WebEventListener 43 - Clicked on: [[ChromeDriver: chrome on WINDOWS (a9a6dac50236c963cf43a749e5a077c3)] -> xpath: //input[@type='submit' and @value='Save']]
]]></system-out>
    <system-err><![CDATA[Starting ChromeDriver 91.0.4472.101 (af52a90bf87030dd1523486a1cd3ae25c5d76c9b-refs/branch-heads/4472@{#1462}) on port 37561
Only local connections are allowed.
Please see https://chromedriver.chromium.org/security-considerations for suggestions on keeping ChromeDriver safe.
ChromeDriver was started successfully.
[1629813411.289][WARNING]: This version of ChromeDriver has not been tested with Chrome version 92.
Aug 24, 2021 7:26:51 PM org.openqa.selenium.remote.ProtocolHandshake createSession
INFO: Detected dialect: W3C
]]></system-err>
  </testcase>
  <testcase name="verifyCreateContactTest[Dr., Rajan, Prasad, , Apolo](3)" classname="com.crm.qa.testcases.ContactsPageTests" time="1.872">
    <system-out><![CDATA[08-24-2021 19:27:07 BrowserProperties.java INFO  [main] testproperties.BrowserProperties 38 - Reading Browser Properties.....
08-24-2021 19:27:07 WindowsActions.java INFO  [main] util.WindowsActions 21 - Properties File read successfully
08-24-2021 19:27:07 BrowserProperties.java INFO  [main] testproperties.BrowserProperties 53 - ***********************************************************************
08-24-2021 19:27:07 BrowserProperties.java INFO  [main] testproperties.BrowserProperties 54 - Broswer set as--->chrome
08-24-2021 19:27:07 BrowserProperties.java INFO  [main] testproperties.BrowserProperties 55 - Browser URL set as--->https://classic.freecrm.com/index.html
08-24-2021 19:27:07 BrowserProperties.java INFO  [main] testproperties.BrowserProperties 56 - Testing for Maximise Window Size--->true
08-24-2021 19:27:07 BrowserProperties.java INFO  [main] testproperties.BrowserProperties 57 - Testing for Headless Browser--->true
08-24-2021 19:27:07 BrowserProperties.java INFO  [main] testproperties.BrowserProperties 58 - User selected as--->groupautomation
08-24-2021 19:27:07 BrowserProperties.java INFO  [main] testproperties.BrowserProperties 59 - Password entered as--->Test@12345
08-24-2021 19:27:07 BrowserProperties.java INFO  [main] testproperties.BrowserProperties 60 - Browser Implicit Time selected as--->60
08-24-2021 19:27:07 BrowserProperties.java INFO  [main] testproperties.BrowserProperties 61 - Browser Page Load TIme selected as--->60
08-24-2021 19:27:07 BrowserProperties.java INFO  [main] testproperties.BrowserProperties 62 - ***********************************************************************
08-24-2021 19:27:07 TestEvidenceProperties.java INFO  [main] testproperties.TestEvidenceProperties 24 - Reading Test Evidence Properties.....
08-24-2021 19:27:07 WindowsActions.java INFO  [main] util.WindowsActions 21 - Properties File read successfully
08-24-2021 19:27:07 TestEvidenceProperties.java INFO  [main] testproperties.TestEvidenceProperties 33 - ***********************************************************************
08-24-2021 19:27:07 TestEvidenceProperties.java INFO  [main] testproperties.TestEvidenceProperties 34 - Test Evidence Folder Name set as--->Selenium_Evidence
08-24-2021 19:27:07 TestEvidenceProperties.java INFO  [main] testproperties.TestEvidenceProperties 35 - Test Evidence Folder Path set as--->C:\Users\Saurabh\OneDrive\Desktop
08-24-2021 19:27:07 TestEvidenceProperties.java INFO  [main] testproperties.TestEvidenceProperties 36 - ***********************************************************************
08-24-2021 19:27:07 WindowsActions.java INFO  [main] util.WindowsActions 30 - C:\Users\Saurabh\OneDrive\Desktop\Selenium_Evidence--->Folder already exists
08-24-2021 19:27:08 TestBase.java INFO  [main] base.TestBase 54 - Driver Initialised
08-24-2021 19:27:08 WebEventListener.java INFO  [main] listener.WebEventListener 23 - Before navigating to: 'https://classic.freecrm.com/index.html'
08-24-2021 19:27:12 WebEventListener.java INFO  [main] listener.WebEventListener 27 - Navigated to:'https://classic.freecrm.com/index.html'
08-24-2021 19:27:12 WebEventListener.java INFO  [main] listener.WebEventListener 76 - Trying to find Element By : By.name: username
08-24-2021 19:27:12 WebEventListener.java INFO  [main] listener.WebEventListener 80 - Found Element By : By.name: username
08-24-2021 19:27:12 WebEventListener.java INFO  [main] listener.WebEventListener 76 - Trying to find Element By : By.name: password
08-24-2021 19:27:12 WebEventListener.java INFO  [main] listener.WebEventListener 80 - Found Element By : By.name: password
08-24-2021 19:27:12 WebEventListener.java INFO  [main] listener.WebEventListener 76 - Trying to find Element By : By.xpath: //input[@type='submit']
08-24-2021 19:27:12 WebEventListener.java INFO  [main] listener.WebEventListener 80 - Found Element By : By.xpath: //input[@type='submit']
08-24-2021 19:27:12 WebEventListener.java INFO  [main] listener.WebEventListener 39 - Trying to click on: [[ChromeDriver: chrome on WINDOWS (3cad0731933f48e65bc641300e85f879)] -> xpath: //input[@type='submit']]
08-24-2021 19:27:17 WebEventListener.java INFO  [main] listener.WebEventListener 43 - Clicked on: [[ChromeDriver: chrome on WINDOWS (3cad0731933f48e65bc641300e85f879)] -> xpath: //input[@type='submit']]
08-24-2021 19:27:17 ContactsPageTests.java INFO  [main] testcases.ContactsPageTests 84 - Validating Creation of new contact
08-24-2021 19:27:17 WebEventListener.java INFO  [Forwarding actions on session 3cad0731933f48e65bc641300e85f879 to remote] listener.WebEventListener 76 - Trying to find Element By : By.xpath: //a[contains(text(),'Contacts')]
08-24-2021 19:27:17 WebEventListener.java INFO  [Forwarding actions on session 3cad0731933f48e65bc641300e85f879 to remote] listener.WebEventListener 80 - Found Element By : By.xpath: //a[contains(text(),'Contacts')]
08-24-2021 19:27:17 WebEventListener.java INFO  [main] listener.WebEventListener 76 - Trying to find Element By : By.all({By.xpath: //a[text()='Contacts']/parent::li//ul//a})
08-24-2021 19:27:17 WebEventListener.java INFO  [main] listener.WebEventListener 80 - Found Element By : By.all({By.xpath: //a[text()='Contacts']/parent::li//ul//a})
08-24-2021 19:27:17 WebEventListener.java INFO  [main] listener.WebEventListener 39 - Trying to click on: [[ChromeDriver: chrome on WINDOWS (3cad0731933f48e65bc641300e85f879)] -> xpath: //a[text()='Contacts']/parent::li//ul//a]
08-24-2021 19:27:19 WebEventListener.java INFO  [main] listener.WebEventListener 43 - Clicked on: [[ChromeDriver: chrome on WINDOWS (3cad0731933f48e65bc641300e85f879)] -> xpath: //a[text()='Contacts']/parent::li//ul//a]
08-24-2021 19:27:19 WebEventListener.java INFO  [main] listener.WebEventListener 76 - Trying to find Element By : By.xpath: //select[@class='select' and @name = 'title']
08-24-2021 19:27:19 WebEventListener.java INFO  [main] listener.WebEventListener 80 - Found Element By : By.xpath: //select[@class='select' and @name = 'title']
08-24-2021 19:27:19 WebEventListener.java INFO  [main] listener.WebEventListener 76 - Trying to find Element By : By.xpath: .//option[normalize-space(.) = "Dr."]
08-24-2021 19:27:19 WebEventListener.java INFO  [main] listener.WebEventListener 80 - Found Element By : By.xpath: .//option[normalize-space(.) = "Dr."]
08-24-2021 19:27:19 WebEventListener.java INFO  [main] listener.WebEventListener 39 - Trying to click on: [[[[ChromeDriver: chrome on WINDOWS (3cad0731933f48e65bc641300e85f879)] -> xpath: //select[@class='select' and @name = 'title']]] -> xpath: .//option[normalize-space(.) = "Dr."]]
08-24-2021 19:27:19 WebEventListener.java INFO  [main] listener.WebEventListener 43 - Clicked on: [[[[ChromeDriver: chrome on WINDOWS (3cad0731933f48e65bc641300e85f879)] -> xpath: //select[@class='select' and @name = 'title']]] -> xpath: .//option[normalize-space(.) = "Dr."]]
08-24-2021 19:27:19 WebEventListener.java INFO  [main] listener.WebEventListener 76 - Trying to find Element By : By.xpath: //input[@name='first_name']
08-24-2021 19:27:19 WebEventListener.java INFO  [main] listener.WebEventListener 80 - Found Element By : By.xpath: //input[@name='first_name']
08-24-2021 19:27:19 WebEventListener.java INFO  [main] listener.WebEventListener 76 - Trying to find Element By : By.xpath: //input[@name='middle_initial']
08-24-2021 19:27:19 WebEventListener.java INFO  [main] listener.WebEventListener 80 - Found Element By : By.xpath: //input[@name='middle_initial']
08-24-2021 19:27:19 WebEventListener.java INFO  [main] listener.WebEventListener 76 - Trying to find Element By : By.xpath: //input[@name='client_lookup']
08-24-2021 19:27:19 WebEventListener.java INFO  [main] listener.WebEventListener 80 - Found Element By : By.xpath: //input[@name='client_lookup']
08-24-2021 19:27:19 WebEventListener.java INFO  [main] listener.WebEventListener 76 - Trying to find Element By : By.xpath: //input[@type='submit' and @value='Save']
08-24-2021 19:27:19 WebEventListener.java INFO  [main] listener.WebEventListener 80 - Found Element By : By.xpath: //input[@type='submit' and @value='Save']
08-24-2021 19:27:19 WebEventListener.java INFO  [main] listener.WebEventListener 39 - Trying to click on: [[ChromeDriver: chrome on WINDOWS (3cad0731933f48e65bc641300e85f879)] -> xpath: //input[@type='submit' and @value='Save']]
08-24-2021 19:27:19 WebEventListener.java INFO  [main] listener.WebEventListener 43 - Clicked on: [[ChromeDriver: chrome on WINDOWS (3cad0731933f48e65bc641300e85f879)] -> xpath: //input[@type='submit' and @value='Save']]
]]></system-out>
    <system-err><![CDATA[Starting ChromeDriver 91.0.4472.101 (af52a90bf87030dd1523486a1cd3ae25c5d76c9b-refs/branch-heads/4472@{#1462}) on port 32156
Only local connections are allowed.
Please see https://chromedriver.chromium.org/security-considerations for suggestions on keeping ChromeDriver safe.
ChromeDriver was started successfully.
[1629813428.512][WARNING]: This version of ChromeDriver has not been tested with Chrome version 92.
Aug 24, 2021 7:27:08 PM org.openqa.selenium.remote.ProtocolHandshake createSession
INFO: Detected dialect: W3C
]]></system-err>
  </testcase>
</testsuite>