<?xml version="1.0" encoding="UTF-8"?>
<testsuite xmlns:xsi="http://www.w3.org/2001/XMLSchema-instance" xsi:noNamespaceSchemaLocation="https://maven.apache.org/surefire/maven-surefire-plugin/xsd/surefire-test-report-3.0.xsd" version="3.0" name="TestSuite" time="289.725" tests="13" errors="0" skipped="0" failures="0">
  <properties>
[...]
</properties>
  <testcase name="verifyloginPageTitleTest" classname="com.crm.qa.testcases.LoginPageTests" time="0.002">
    <system-out><![CDATA[[TestNGContentHandler] [WARN] It is strongly recommended to add "<!DOCTYPE suite SYSTEM "http://testng.org/testng-1.0.dtd" >" at the top of your file, otherwise TestNG may fail or not work as expected.
08-23-2021 17:40:38 BrowserProperties.java INFO  [main] testproperties.BrowserProperties 38 - Reading Browser Properties.....
08-23-2021 17:40:38 WindowsActions.java INFO  [main] util.WindowsActions 21 - Properties File read successfully
08-23-2021 17:40:38 BrowserProperties.java INFO  [main] testproperties.BrowserProperties 53 - ***********************************************************************
08-23-2021 17:40:38 BrowserProperties.java INFO  [main] testproperties.BrowserProperties 54 - Broswer set as--->chrome
08-23-2021 17:40:38 BrowserProperties.java INFO  [main] testproperties.BrowserProperties 55 - Browser URL set as--->https://classic.freecrm.com/index.html
08-23-2021 17:40:38 BrowserProperties.java INFO  [main] testproperties.BrowserProperties 56 - Testing for Maximise Window Size--->true
08-23-2021 17:40:38 BrowserProperties.java INFO  [main] testproperties.BrowserProperties 57 - Testing for Headless Browser--->true
08-23-2021 17:40:38 BrowserProperties.java INFO  [main] testproperties.BrowserProperties 58 - User selected as--->groupautomation
08-23-2021 17:40:38 BrowserProperties.java INFO  [main] testproperties.BrowserProperties 59 - Password entered as--->Test@12345
08-23-2021 17:40:38 BrowserProperties.java INFO  [main] testproperties.BrowserProperties 60 - Browser Implicit Time selected as--->60
08-23-2021 17:40:38 BrowserProperties.java INFO  [main] testproperties.BrowserProperties 61 - Browser Page Load TIme selected as--->60
08-23-2021 17:40:38 BrowserProperties.java INFO  [main] testproperties.BrowserProperties 62 - ***********************************************************************
08-23-2021 17:40:38 TestEvidenceProperties.java INFO  [main] testproperties.TestEvidenceProperties 24 - Reading Test Evidence Properties.....
08-23-2021 17:40:38 WindowsActions.java INFO  [main] util.WindowsActions 21 - Properties File read successfully
08-23-2021 17:40:38 TestEvidenceProperties.java INFO  [main] testproperties.TestEvidenceProperties 33 - ***********************************************************************
08-23-2021 17:40:38 TestEvidenceProperties.java INFO  [main] testproperties.TestEvidenceProperties 34 - Test Evidence Folder Name set as--->Selenium_Evidence
08-23-2021 17:40:38 TestEvidenceProperties.java INFO  [main] testproperties.TestEvidenceProperties 35 - Test Evidence Folder Path set as--->C:\Users\Saurabh\OneDrive\Desktop
08-23-2021 17:40:38 TestEvidenceProperties.java INFO  [main] testproperties.TestEvidenceProperties 36 - ***********************************************************************
08-23-2021 17:40:38 WindowsActions.java INFO  [main] util.WindowsActions 30 - C:\Users\Saurabh\OneDrive\Desktop\Selenium_Evidence--->Folder already exists
08-23-2021 17:40:40 TestBase.java INFO  [main] base.TestBase 54 - Driver Initialised
08-23-2021 17:40:40 WebEventListener.java INFO  [main] listener.WebEventListener 23 - Before navigating to: 'https://classic.freecrm.com/index.html'
08-23-2021 17:40:44 WebEventListener.java INFO  [main] listener.WebEventListener 27 - Navigated to:'https://classic.freecrm.com/index.html'
08-23-2021 17:40:44 LoginPageTests.java INFO  [main] testcases.LoginPageTests 31 - Validating Login Page Title
]]></system-out>
    <system-err><![CDATA[Starting ChromeDriver 91.0.4472.101 (af52a90bf87030dd1523486a1cd3ae25c5d76c9b-refs/branch-heads/4472@{#1462}) on port 42445
Only local connections are allowed.
Please see https://chromedriver.chromium.org/security-considerations for suggestions on keeping ChromeDriver safe.
ChromeDriver was started successfully.
[1629720639.620][WARNING]: This version of ChromeDriver has not been tested with Chrome version 92.
Aug 23, 2021 5:40:39 PM org.openqa.selenium.remote.ProtocolHandshake createSession
INFO: Detected dialect: W3C
]]></system-err>
  </testcase>
  <testcase name="verifycrmLogoImageTest" classname="com.crm.qa.testcases.LoginPageTests" time="0.177">
    <system-out><![CDATA[08-23-2021 17:41:11 BrowserProperties.java INFO  [main] testproperties.BrowserProperties 38 - Reading Browser Properties.....
08-23-2021 17:41:11 WindowsActions.java INFO  [main] util.WindowsActions 21 - Properties File read successfully
08-23-2021 17:41:11 BrowserProperties.java INFO  [main] testproperties.BrowserProperties 53 - ***********************************************************************
08-23-2021 17:41:11 BrowserProperties.java INFO  [main] testproperties.BrowserProperties 54 - Broswer set as--->chrome
08-23-2021 17:41:11 BrowserProperties.java INFO  [main] testproperties.BrowserProperties 55 - Browser URL set as--->https://classic.freecrm.com/index.html
08-23-2021 17:41:11 BrowserProperties.java INFO  [main] testproperties.BrowserProperties 56 - Testing for Maximise Window Size--->true
08-23-2021 17:41:11 BrowserProperties.java INFO  [main] testproperties.BrowserProperties 57 - Testing for Headless Browser--->true
08-23-2021 17:41:11 BrowserProperties.java INFO  [main] testproperties.BrowserProperties 58 - User selected as--->groupautomation
08-23-2021 17:41:11 BrowserProperties.java INFO  [main] testproperties.BrowserProperties 59 - Password entered as--->Test@12345
08-23-2021 17:41:11 BrowserProperties.java INFO  [main] testproperties.BrowserProperties 60 - Browser Implicit Time selected as--->60
08-23-2021 17:41:11 BrowserProperties.java INFO  [main] testproperties.BrowserProperties 61 - Browser Page Load TIme selected as--->60
08-23-2021 17:41:11 BrowserProperties.java INFO  [main] testproperties.BrowserProperties 62 - ***********************************************************************
08-23-2021 17:41:11 TestEvidenceProperties.java INFO  [main] testproperties.TestEvidenceProperties 24 - Reading Test Evidence Properties.....
08-23-2021 17:41:11 WindowsActions.java INFO  [main] util.WindowsActions 21 - Properties File read successfully
08-23-2021 17:41:11 TestEvidenceProperties.java INFO  [main] testproperties.TestEvidenceProperties 33 - ***********************************************************************
08-23-2021 17:41:11 TestEvidenceProperties.java INFO  [main] testproperties.TestEvidenceProperties 34 - Test Evidence Folder Name set as--->Selenium_Evidence
08-23-2021 17:41:11 TestEvidenceProperties.java INFO  [main] testproperties.TestEvidenceProperties 35 - Test Evidence Folder Path set as--->C:\Users\Saurabh\OneDrive\Desktop
08-23-2021 17:41:11 TestEvidenceProperties.java INFO  [main] testproperties.TestEvidenceProperties 36 - ***********************************************************************
08-23-2021 17:41:11 WindowsActions.java INFO  [main] util.WindowsActions 30 - C:\Users\Saurabh\OneDrive\Desktop\Selenium_Evidence--->Folder already exists
08-23-2021 17:41:13 TestBase.java INFO  [main] base.TestBase 54 - Driver Initialised
08-23-2021 17:41:13 WebEventListener.java INFO  [main] listener.WebEventListener 23 - Before navigating to: 'https://classic.freecrm.com/index.html'
08-23-2021 17:41:18 WebEventListener.java INFO  [main] listener.WebEventListener 27 - Navigated to:'https://classic.freecrm.com/index.html'
08-23-2021 17:41:18 LoginPageTests.java INFO  [main] testcases.LoginPageTests 38 - Validating Login Page CRM Logo
08-23-2021 17:41:18 WebEventListener.java INFO  [main] listener.WebEventListener 76 - Trying to find Element By : By.xpath: //img[@class='img-responsive' and contains(@src,'logo')]
08-23-2021 17:41:18 WebEventListener.java INFO  [main] listener.WebEventListener 80 - Found Element By : By.xpath: //img[@class='img-responsive' and contains(@src,'logo')]
]]></system-out>
    <system-err><![CDATA[Starting ChromeDriver 91.0.4472.101 (af52a90bf87030dd1523486a1cd3ae25c5d76c9b-refs/branch-heads/4472@{#1462}) on port 3913
Only local connections are allowed.
Please see https://chromedriver.chromium.org/security-considerations for suggestions on keeping ChromeDriver safe.
ChromeDriver was started successfully.
[1629720672.891][WARNING]: This version of ChromeDriver has not been tested with Chrome version 92.
Aug 23, 2021 5:41:12 PM org.openqa.selenium.remote.ProtocolHandshake createSession
INFO: Detected dialect: W3C
]]></system-err>
  </testcase>
  <testcase name="verifyloginTest" classname="com.crm.qa.testcases.LoginPageTests" time="34.673">
    <system-out><![CDATA[08-23-2021 17:41:46 BrowserProperties.java INFO  [main] testproperties.BrowserProperties 38 - Reading Browser Properties.....
08-23-2021 17:41:46 WindowsActions.java INFO  [main] util.WindowsActions 21 - Properties File read successfully
08-23-2021 17:41:46 BrowserProperties.java INFO  [main] testproperties.BrowserProperties 53 - ***********************************************************************
08-23-2021 17:41:46 BrowserProperties.java INFO  [main] testproperties.BrowserProperties 54 - Broswer set as--->chrome
08-23-2021 17:41:46 BrowserProperties.java INFO  [main] testproperties.BrowserProperties 55 - Browser URL set as--->https://classic.freecrm.com/index.html
08-23-2021 17:41:46 BrowserProperties.java INFO  [main] testproperties.BrowserProperties 56 - Testing for Maximise Window Size--->true
08-23-2021 17:41:46 BrowserProperties.java INFO  [main] testproperties.BrowserProperties 57 - Testing for Headless Browser--->true
08-23-2021 17:41:46 BrowserProperties.java INFO  [main] testproperties.BrowserProperties 58 - User selected as--->groupautomation
08-23-2021 17:41:46 BrowserProperties.java INFO  [main] testproperties.BrowserProperties 59 - Password entered as--->Test@12345
08-23-2021 17:41:46 BrowserProperties.java INFO  [main] testproperties.BrowserProperties 60 - Browser Implicit Time selected as--->60
08-23-2021 17:41:46 BrowserProperties.java INFO  [main] testproperties.BrowserProperties 61 - Browser Page Load TIme selected as--->60
08-23-2021 17:41:46 BrowserProperties.java INFO  [main] testproperties.BrowserProperties 62 - ***********************************************************************
08-23-2021 17:41:46 TestEvidenceProperties.java INFO  [main] testproperties.TestEvidenceProperties 24 - Reading Test Evidence Properties.....
08-23-2021 17:41:46 WindowsActions.java INFO  [main] util.WindowsActions 21 - Properties File read successfully
08-23-2021 17:41:46 TestEvidenceProperties.java INFO  [main] testproperties.TestEvidenceProperties 33 - ***********************************************************************
08-23-2021 17:41:46 TestEvidenceProperties.java INFO  [main] testproperties.TestEvidenceProperties 34 - Test Evidence Folder Name set as--->Selenium_Evidence
08-23-2021 17:41:46 TestEvidenceProperties.java INFO  [main] testproperties.TestEvidenceProperties 35 - Test Evidence Folder Path set as--->C:\Users\Saurabh\OneDrive\Desktop
08-23-2021 17:41:46 TestEvidenceProperties.java INFO  [main] testproperties.TestEvidenceProperties 36 - ***********************************************************************
08-23-2021 17:41:46 WindowsActions.java INFO  [main] util.WindowsActions 30 - C:\Users\Saurabh\OneDrive\Desktop\Selenium_Evidence--->Folder already exists
08-23-2021 17:41:47 TestBase.java INFO  [main] base.TestBase 54 - Driver Initialised
08-23-2021 17:41:47 WebEventListener.java INFO  [main] listener.WebEventListener 23 - Before navigating to: 'https://classic.freecrm.com/index.html'
08-23-2021 17:41:52 WebEventListener.java INFO  [main] listener.WebEventListener 27 - Navigated to:'https://classic.freecrm.com/index.html'
08-23-2021 17:41:52 LoginPageTests.java INFO  [main] testcases.LoginPageTests 44 - Validating User is able to login successfully
08-23-2021 17:41:52 WebEventListener.java INFO  [main] listener.WebEventListener 76 - Trying to find Element By : By.name: username
08-23-2021 17:41:52 WebEventListener.java INFO  [main] listener.WebEventListener 80 - Found Element By : By.name: username
08-23-2021 17:41:52 WebEventListener.java INFO  [main] listener.WebEventListener 76 - Trying to find Element By : By.name: password
08-23-2021 17:41:52 WebEventListener.java INFO  [main] listener.WebEventListener 80 - Found Element By : By.name: password
08-23-2021 17:41:53 WebEventListener.java INFO  [main] listener.WebEventListener 76 - Trying to find Element By : By.xpath: //input[@type='submit']
08-23-2021 17:41:53 WebEventListener.java INFO  [main] listener.WebEventListener 80 - Found Element By : By.xpath: //input[@type='submit']
08-23-2021 17:41:53 WebEventListener.java INFO  [main] listener.WebEventListener 39 - Trying to click on: [[ChromeDriver: chrome on WINDOWS (cc41353a8d5bc6cda7fb71ccdcb02f75)] -> xpath: //input[@type='submit']]
08-23-2021 17:42:27 WebEventListener.java INFO  [main] listener.WebEventListener 43 - Clicked on: [[ChromeDriver: chrome on WINDOWS (cc41353a8d5bc6cda7fb71ccdcb02f75)] -> xpath: //input[@type='submit']]
]]></system-out>
    <system-err><![CDATA[Starting ChromeDriver 91.0.4472.101 (af52a90bf87030dd1523486a1cd3ae25c5d76c9b-refs/branch-heads/4472@{#1462}) on port 14613
Only local connections are allowed.
Please see https://chromedriver.chromium.org/security-considerations for suggestions on keeping ChromeDriver safe.
ChromeDriver was started successfully.
[1629720707.594][WARNING]: This version of ChromeDriver has not been tested with Chrome version 92.
Aug 23, 2021 5:41:47 PM org.openqa.selenium.remote.ProtocolHandshake createSession
INFO: Detected dialect: W3C
]]></system-err>
  </testcase>
  <testcase name="verifyHomePageTitleTest" classname="com.crm.qa.testcases.HomePageTests" time="0">
    <system-out><![CDATA[08-23-2021 17:40:44 BrowserProperties.java INFO  [main] testproperties.BrowserProperties 38 - Reading Browser Properties.....
08-23-2021 17:40:44 WindowsActions.java INFO  [main] util.WindowsActions 21 - Properties File read successfully
08-23-2021 17:40:44 BrowserProperties.java INFO  [main] testproperties.BrowserProperties 53 - ***********************************************************************
08-23-2021 17:40:44 BrowserProperties.java INFO  [main] testproperties.BrowserProperties 54 - Broswer set as--->chrome
08-23-2021 17:40:44 BrowserProperties.java INFO  [main] testproperties.BrowserProperties 55 - Browser URL set as--->https://classic.freecrm.com/index.html
08-23-2021 17:40:44 BrowserProperties.java INFO  [main] testproperties.BrowserProperties 56 - Testing for Maximise Window Size--->true
08-23-2021 17:40:44 BrowserProperties.java INFO  [main] testproperties.BrowserProperties 57 - Testing for Headless Browser--->true
08-23-2021 17:40:44 BrowserProperties.java INFO  [main] testproperties.BrowserProperties 58 - User selected as--->groupautomation
08-23-2021 17:40:44 BrowserProperties.java INFO  [main] testproperties.BrowserProperties 59 - Password entered as--->Test@12345
08-23-2021 17:40:44 BrowserProperties.java INFO  [main] testproperties.BrowserProperties 60 - Browser Implicit Time selected as--->60
08-23-2021 17:40:44 BrowserProperties.java INFO  [main] testproperties.BrowserProperties 61 - Browser Page Load TIme selected as--->60
08-23-2021 17:40:44 BrowserProperties.java INFO  [main] testproperties.BrowserProperties 62 - ***********************************************************************
08-23-2021 17:40:44 TestEvidenceProperties.java INFO  [main] testproperties.TestEvidenceProperties 24 - Reading Test Evidence Properties.....
08-23-2021 17:40:44 WindowsActions.java INFO  [main] util.WindowsActions 21 - Properties File read successfully
08-23-2021 17:40:44 TestEvidenceProperties.java INFO  [main] testproperties.TestEvidenceProperties 33 - ***********************************************************************
08-23-2021 17:40:44 TestEvidenceProperties.java INFO  [main] testproperties.TestEvidenceProperties 34 - Test Evidence Folder Name set as--->Selenium_Evidence
08-23-2021 17:40:44 TestEvidenceProperties.java INFO  [main] testproperties.TestEvidenceProperties 35 - Test Evidence Folder Path set as--->C:\Users\Saurabh\OneDrive\Desktop
08-23-2021 17:40:44 TestEvidenceProperties.java INFO  [main] testproperties.TestEvidenceProperties 36 - ***********************************************************************
08-23-2021 17:40:44 WindowsActions.java INFO  [main] util.WindowsActions 30 - C:\Users\Saurabh\OneDrive\Desktop\Selenium_Evidence--->Folder already exists
08-23-2021 17:40:46 TestBase.java INFO  [main] base.TestBase 54 - Driver Initialised
08-23-2021 17:40:46 WebEventListener.java INFO  [main] listener.WebEventListener 23 - Before navigating to: 'https://classic.freecrm.com/index.html'
08-23-2021 17:40:51 WebEventListener.java INFO  [main] listener.WebEventListener 27 - Navigated to:'https://classic.freecrm.com/index.html'
08-23-2021 17:40:51 WebEventListener.java INFO  [main] listener.WebEventListener 76 - Trying to find Element By : By.name: username
08-23-2021 17:40:51 WebEventListener.java INFO  [main] listener.WebEventListener 80 - Found Element By : By.name: username
08-23-2021 17:40:51 WebEventListener.java INFO  [main] listener.WebEventListener 76 - Trying to find Element By : By.name: password
08-23-2021 17:40:51 WebEventListener.java INFO  [main] listener.WebEventListener 80 - Found Element By : By.name: password
08-23-2021 17:40:51 WebEventListener.java INFO  [main] listener.WebEventListener 76 - Trying to find Element By : By.xpath: //input[@type='submit']
08-23-2021 17:40:52 WebEventListener.java INFO  [main] listener.WebEventListener 80 - Found Element By : By.xpath: //input[@type='submit']
08-23-2021 17:40:52 WebEventListener.java INFO  [main] listener.WebEventListener 39 - Trying to click on: [[ChromeDriver: chrome on WINDOWS (354d2d22e0e08225a01de7224500d91a)] -> xpath: //input[@type='submit']]
08-23-2021 17:40:56 WebEventListener.java INFO  [main] listener.WebEventListener 43 - Clicked on: [[ChromeDriver: chrome on WINDOWS (354d2d22e0e08225a01de7224500d91a)] -> xpath: //input[@type='submit']]
08-23-2021 17:40:56 HomePageTests.java INFO  [main] testcases.HomePageTests 42 - Validating Home Page Title
]]></system-out>
    <system-err><![CDATA[Starting ChromeDriver 91.0.4472.101 (af52a90bf87030dd1523486a1cd3ae25c5d76c9b-refs/branch-heads/4472@{#1462}) on port 33640
Only local connections are allowed.
Please see https://chromedriver.chromium.org/security-considerations for suggestions on keeping ChromeDriver safe.
ChromeDriver was started successfully.
[1629720646.093][WARNING]: This version of ChromeDriver has not been tested with Chrome version 92.
Aug 23, 2021 5:40:46 PM org.openqa.selenium.remote.ProtocolHandshake createSession
INFO: Detected dialect: W3C
]]></system-err>
  </testcase>
  <testcase name="verifyHomePageUserNameLabelTest" classname="com.crm.qa.testcases.HomePageTests" time="0.275">
    <system-out><![CDATA[08-23-2021 17:41:18 BrowserProperties.java INFO  [main] testproperties.BrowserProperties 38 - Reading Browser Properties.....
08-23-2021 17:41:18 WindowsActions.java INFO  [main] util.WindowsActions 21 - Properties File read successfully
08-23-2021 17:41:18 BrowserProperties.java INFO  [main] testproperties.BrowserProperties 53 - ***********************************************************************
08-23-2021 17:41:18 BrowserProperties.java INFO  [main] testproperties.BrowserProperties 54 - Broswer set as--->chrome
08-23-2021 17:41:18 BrowserProperties.java INFO  [main] testproperties.BrowserProperties 55 - Browser URL set as--->https://classic.freecrm.com/index.html
08-23-2021 17:41:18 BrowserProperties.java INFO  [main] testproperties.BrowserProperties 56 - Testing for Maximise Window Size--->true
08-23-2021 17:41:18 BrowserProperties.java INFO  [main] testproperties.BrowserProperties 57 - Testing for Headless Browser--->true
08-23-2021 17:41:18 BrowserProperties.java INFO  [main] testproperties.BrowserProperties 58 - User selected as--->groupautomation
08-23-2021 17:41:18 BrowserProperties.java INFO  [main] testproperties.BrowserProperties 59 - Password entered as--->Test@12345
08-23-2021 17:41:18 BrowserProperties.java INFO  [main] testproperties.BrowserProperties 60 - Browser Implicit Time selected as--->60
08-23-2021 17:41:18 BrowserProperties.java INFO  [main] testproperties.BrowserProperties 61 - Browser Page Load TIme selected as--->60
08-23-2021 17:41:18 BrowserProperties.java INFO  [main] testproperties.BrowserProperties 62 - ***********************************************************************
08-23-2021 17:41:18 TestEvidenceProperties.java INFO  [main] testproperties.TestEvidenceProperties 24 - Reading Test Evidence Properties.....
08-23-2021 17:41:18 WindowsActions.java INFO  [main] util.WindowsActions 21 - Properties File read successfully
08-23-2021 17:41:18 TestEvidenceProperties.java INFO  [main] testproperties.TestEvidenceProperties 33 - ***********************************************************************
08-23-2021 17:41:18 TestEvidenceProperties.java INFO  [main] testproperties.TestEvidenceProperties 34 - Test Evidence Folder Name set as--->Selenium_Evidence
08-23-2021 17:41:18 TestEvidenceProperties.java INFO  [main] testproperties.TestEvidenceProperties 35 - Test Evidence Folder Path set as--->C:\Users\Saurabh\OneDrive\Desktop
08-23-2021 17:41:18 TestEvidenceProperties.java INFO  [main] testproperties.TestEvidenceProperties 36 - ***********************************************************************
08-23-2021 17:41:18 WindowsActions.java INFO  [main] util.WindowsActions 30 - C:\Users\Saurabh\OneDrive\Desktop\Selenium_Evidence--->Folder already exists
08-23-2021 17:41:20 TestBase.java INFO  [main] base.TestBase 54 - Driver Initialised
08-23-2021 17:41:20 WebEventListener.java INFO  [main] listener.WebEventListener 23 - Before navigating to: 'https://classic.freecrm.com/index.html'
08-23-2021 17:41:25 WebEventListener.java INFO  [main] listener.WebEventListener 27 - Navigated to:'https://classic.freecrm.com/index.html'
08-23-2021 17:41:25 WebEventListener.java INFO  [main] listener.WebEventListener 76 - Trying to find Element By : By.name: username
08-23-2021 17:41:25 WebEventListener.java INFO  [main] listener.WebEventListener 80 - Found Element By : By.name: username
08-23-2021 17:41:25 WebEventListener.java INFO  [main] listener.WebEventListener 76 - Trying to find Element By : By.name: password
08-23-2021 17:41:25 WebEventListener.java INFO  [main] listener.WebEventListener 80 - Found Element By : By.name: password
08-23-2021 17:41:26 WebEventListener.java INFO  [main] listener.WebEventListener 76 - Trying to find Element By : By.xpath: //input[@type='submit']
08-23-2021 17:41:26 WebEventListener.java INFO  [main] listener.WebEventListener 80 - Found Element By : By.xpath: //input[@type='submit']
08-23-2021 17:41:26 WebEventListener.java INFO  [main] listener.WebEventListener 39 - Trying to click on: [[ChromeDriver: chrome on WINDOWS (b0f8fc20e275d30c5d6b968aed68e7bb)] -> xpath: //input[@type='submit']]
08-23-2021 17:41:30 WebEventListener.java INFO  [main] listener.WebEventListener 43 - Clicked on: [[ChromeDriver: chrome on WINDOWS (b0f8fc20e275d30c5d6b968aed68e7bb)] -> xpath: //input[@type='submit']]
08-23-2021 17:41:30 HomePageTests.java INFO  [main] testcases.HomePageTests 48 - Validating Home Page UserName Label
08-23-2021 17:41:31 WebEventListener.java INFO  [main] listener.WebEventListener 76 - Trying to find Element By : By.xpath: //td[contains(text(),'User: group automation')]
08-23-2021 17:41:31 WebEventListener.java INFO  [main] listener.WebEventListener 80 - Found Element By : By.xpath: //td[contains(text(),'User: group automation')]
]]></system-out>
    <system-err><![CDATA[Starting ChromeDriver 91.0.4472.101 (af52a90bf87030dd1523486a1cd3ae25c5d76c9b-refs/branch-heads/4472@{#1462}) on port 35266
Only local connections are allowed.
Please see https://chromedriver.chromium.org/security-considerations for suggestions on keeping ChromeDriver safe.
ChromeDriver was started successfully.
[1629720680.231][WARNING]: This version of ChromeDriver has not been tested with Chrome version 92.
Aug 23, 2021 5:41:20 PM org.openqa.selenium.remote.ProtocolHandshake createSession
INFO: Detected dialect: W3C
]]></system-err>
  </testcase>
  <testcase name="verifyContactsLinkTest" classname="com.crm.qa.testcases.HomePageTests" time="3.113">
    <system-out><![CDATA[08-23-2021 17:42:27 BrowserProperties.java INFO  [main] testproperties.BrowserProperties 38 - Reading Browser Properties.....
08-23-2021 17:42:27 WindowsActions.java INFO  [main] util.WindowsActions 21 - Properties File read successfully
08-23-2021 17:42:27 BrowserProperties.java INFO  [main] testproperties.BrowserProperties 53 - ***********************************************************************
08-23-2021 17:42:27 BrowserProperties.java INFO  [main] testproperties.BrowserProperties 54 - Broswer set as--->chrome
08-23-2021 17:42:27 BrowserProperties.java INFO  [main] testproperties.BrowserProperties 55 - Browser URL set as--->https://classic.freecrm.com/index.html
08-23-2021 17:42:27 BrowserProperties.java INFO  [main] testproperties.BrowserProperties 56 - Testing for Maximise Window Size--->true
08-23-2021 17:42:27 BrowserProperties.java INFO  [main] testproperties.BrowserProperties 57 - Testing for Headless Browser--->true
08-23-2021 17:42:27 BrowserProperties.java INFO  [main] testproperties.BrowserProperties 58 - User selected as--->groupautomation
08-23-2021 17:42:27 BrowserProperties.java INFO  [main] testproperties.BrowserProperties 59 - Password entered as--->Test@12345
08-23-2021 17:42:27 BrowserProperties.java INFO  [main] testproperties.BrowserProperties 60 - Browser Implicit Time selected as--->60
08-23-2021 17:42:27 BrowserProperties.java INFO  [main] testproperties.BrowserProperties 61 - Browser Page Load TIme selected as--->60
08-23-2021 17:42:27 BrowserProperties.java INFO  [main] testproperties.BrowserProperties 62 - ***********************************************************************
08-23-2021 17:42:27 TestEvidenceProperties.java INFO  [main] testproperties.TestEvidenceProperties 24 - Reading Test Evidence Properties.....
08-23-2021 17:42:27 WindowsActions.java INFO  [main] util.WindowsActions 21 - Properties File read successfully
08-23-2021 17:42:27 TestEvidenceProperties.java INFO  [main] testproperties.TestEvidenceProperties 33 - ***********************************************************************
08-23-2021 17:42:27 TestEvidenceProperties.java INFO  [main] testproperties.TestEvidenceProperties 34 - Test Evidence Folder Name set as--->Selenium_Evidence
08-23-2021 17:42:27 TestEvidenceProperties.java INFO  [main] testproperties.TestEvidenceProperties 35 - Test Evidence Folder Path set as--->C:\Users\Saurabh\OneDrive\Desktop
08-23-2021 17:42:27 TestEvidenceProperties.java INFO  [main] testproperties.TestEvidenceProperties 36 - ***********************************************************************
08-23-2021 17:42:27 WindowsActions.java INFO  [main] util.WindowsActions 30 - C:\Users\Saurabh\OneDrive\Desktop\Selenium_Evidence--->Folder already exists
08-23-2021 17:42:29 TestBase.java INFO  [main] base.TestBase 54 - Driver Initialised
08-23-2021 17:42:29 WebEventListener.java INFO  [main] listener.WebEventListener 23 - Before navigating to: 'https://classic.freecrm.com/index.html'
08-23-2021 17:42:34 WebEventListener.java INFO  [main] listener.WebEventListener 27 - Navigated to:'https://classic.freecrm.com/index.html'
08-23-2021 17:42:34 WebEventListener.java INFO  [main] listener.WebEventListener 76 - Trying to find Element By : By.name: username
08-23-2021 17:42:34 WebEventListener.java INFO  [main] listener.WebEventListener 80 - Found Element By : By.name: username
08-23-2021 17:42:34 WebEventListener.java INFO  [main] listener.WebEventListener 76 - Trying to find Element By : By.name: password
08-23-2021 17:42:34 WebEventListener.java INFO  [main] listener.WebEventListener 80 - Found Element By : By.name: password
08-23-2021 17:42:34 WebEventListener.java INFO  [main] listener.WebEventListener 76 - Trying to find Element By : By.xpath: //input[@type='submit']
08-23-2021 17:42:34 WebEventListener.java INFO  [main] listener.WebEventListener 80 - Found Element By : By.xpath: //input[@type='submit']
08-23-2021 17:42:34 WebEventListener.java INFO  [main] listener.WebEventListener 39 - Trying to click on: [[ChromeDriver: chrome on WINDOWS (cfc2708916e5cc23c38bbda567fe3957)] -> xpath: //input[@type='submit']]
08-23-2021 17:43:08 WebEventListener.java INFO  [main] listener.WebEventListener 43 - Clicked on: [[ChromeDriver: chrome on WINDOWS (cfc2708916e5cc23c38bbda567fe3957)] -> xpath: //input[@type='submit']]
08-23-2021 17:43:08 HomePageTests.java INFO  [main] testcases.HomePageTests 55 - Validating Contacts Page Link on Home Page
08-23-2021 17:43:08 WebEventListener.java INFO  [main] listener.WebEventListener 76 - Trying to find Element By : By.xpath: //a[contains(text(),'Contacts')]
08-23-2021 17:43:08 WebEventListener.java INFO  [main] listener.WebEventListener 80 - Found Element By : By.xpath: //a[contains(text(),'Contacts')]
08-23-2021 17:43:08 WebEventListener.java INFO  [main] listener.WebEventListener 39 - Trying to click on: [[ChromeDriver: chrome on WINDOWS (cfc2708916e5cc23c38bbda567fe3957)] -> xpath: //a[contains(text(),'Contacts')]]
08-23-2021 17:43:11 WebEventListener.java INFO  [main] listener.WebEventListener 43 - Clicked on: [[ChromeDriver: chrome on WINDOWS (cfc2708916e5cc23c38bbda567fe3957)] -> xpath: //a[contains(text(),'Contacts')]]
]]></system-out>
    <system-err><![CDATA[Starting ChromeDriver 91.0.4472.101 (af52a90bf87030dd1523486a1cd3ae25c5d76c9b-refs/branch-heads/4472@{#1462}) on port 39040
Only local connections are allowed.
Please see https://chromedriver.chromium.org/security-considerations for suggestions on keeping ChromeDriver safe.
ChromeDriver was started successfully.
[1629720749.151][WARNING]: This version of ChromeDriver has not been tested with Chrome version 92.
Aug 23, 2021 5:42:29 PM org.openqa.selenium.remote.ProtocolHandshake createSession
INFO: Detected dialect: W3C
]]></system-err>
  </testcase>
  <testcase name="verifyContactsLinkHover" classname="com.crm.qa.testcases.HomePageTests" time="0.558">
    <system-out><![CDATA[08-23-2021 17:43:27 BrowserProperties.java INFO  [main] testproperties.BrowserProperties 38 - Reading Browser Properties.....
08-23-2021 17:43:27 WindowsActions.java INFO  [main] util.WindowsActions 21 - Properties File read successfully
08-23-2021 17:43:27 BrowserProperties.java INFO  [main] testproperties.BrowserProperties 53 - ***********************************************************************
08-23-2021 17:43:27 BrowserProperties.java INFO  [main] testproperties.BrowserProperties 54 - Broswer set as--->chrome
08-23-2021 17:43:27 BrowserProperties.java INFO  [main] testproperties.BrowserProperties 55 - Browser URL set as--->https://classic.freecrm.com/index.html
08-23-2021 17:43:27 BrowserProperties.java INFO  [main] testproperties.BrowserProperties 56 - Testing for Maximise Window Size--->true
08-23-2021 17:43:27 BrowserProperties.java INFO  [main] testproperties.BrowserProperties 57 - Testing for Headless Browser--->true
08-23-2021 17:43:27 BrowserProperties.java INFO  [main] testproperties.BrowserProperties 58 - User selected as--->groupautomation
08-23-2021 17:43:27 BrowserProperties.java INFO  [main] testproperties.BrowserProperties 59 - Password entered as--->Test@12345
08-23-2021 17:43:27 BrowserProperties.java INFO  [main] testproperties.BrowserProperties 60 - Browser Implicit Time selected as--->60
08-23-2021 17:43:27 BrowserProperties.java INFO  [main] testproperties.BrowserProperties 61 - Browser Page Load TIme selected as--->60
08-23-2021 17:43:27 BrowserProperties.java INFO  [main] testproperties.BrowserProperties 62 - ***********************************************************************
08-23-2021 17:43:27 TestEvidenceProperties.java INFO  [main] testproperties.TestEvidenceProperties 24 - Reading Test Evidence Properties.....
08-23-2021 17:43:27 WindowsActions.java INFO  [main] util.WindowsActions 21 - Properties File read successfully
08-23-2021 17:43:27 TestEvidenceProperties.java INFO  [main] testproperties.TestEvidenceProperties 33 - ***********************************************************************
08-23-2021 17:43:27 TestEvidenceProperties.java INFO  [main] testproperties.TestEvidenceProperties 34 - Test Evidence Folder Name set as--->Selenium_Evidence
08-23-2021 17:43:27 TestEvidenceProperties.java INFO  [main] testproperties.TestEvidenceProperties 35 - Test Evidence Folder Path set as--->C:\Users\Saurabh\OneDrive\Desktop
08-23-2021 17:43:27 TestEvidenceProperties.java INFO  [main] testproperties.TestEvidenceProperties 36 - ***********************************************************************
08-23-2021 17:43:27 WindowsActions.java INFO  [main] util.WindowsActions 30 - C:\Users\Saurabh\OneDrive\Desktop\Selenium_Evidence--->Folder already exists
08-23-2021 17:43:28 TestBase.java INFO  [main] base.TestBase 54 - Driver Initialised
08-23-2021 17:43:28 WebEventListener.java INFO  [main] listener.WebEventListener 23 - Before navigating to: 'https://classic.freecrm.com/index.html'
08-23-2021 17:43:33 WebEventListener.java INFO  [main] listener.WebEventListener 27 - Navigated to:'https://classic.freecrm.com/index.html'
08-23-2021 17:43:33 WebEventListener.java INFO  [main] listener.WebEventListener 76 - Trying to find Element By : By.name: username
08-23-2021 17:43:33 WebEventListener.java INFO  [main] listener.WebEventListener 80 - Found Element By : By.name: username
08-23-2021 17:43:33 WebEventListener.java INFO  [main] listener.WebEventListener 76 - Trying to find Element By : By.name: password
08-23-2021 17:43:33 WebEventListener.java INFO  [main] listener.WebEventListener 80 - Found Element By : By.name: password
08-23-2021 17:43:33 WebEventListener.java INFO  [main] listener.WebEventListener 76 - Trying to find Element By : By.xpath: //input[@type='submit']
08-23-2021 17:43:33 WebEventListener.java INFO  [main] listener.WebEventListener 80 - Found Element By : By.xpath: //input[@type='submit']
08-23-2021 17:43:33 WebEventListener.java INFO  [main] listener.WebEventListener 39 - Trying to click on: [[ChromeDriver: chrome on WINDOWS (3d809a04fd6610bc670216e42b67ecd0)] -> xpath: //input[@type='submit']]
08-23-2021 17:43:38 WebEventListener.java INFO  [main] listener.WebEventListener 43 - Clicked on: [[ChromeDriver: chrome on WINDOWS (3d809a04fd6610bc670216e42b67ecd0)] -> xpath: //input[@type='submit']]
08-23-2021 17:43:38 HomePageTests.java INFO  [main] testcases.HomePageTests 63 - Validating various Hover links for Contacts Link on Home Page
08-23-2021 17:43:38 WebEventListener.java INFO  [Forwarding actions on session 3d809a04fd6610bc670216e42b67ecd0 to remote] listener.WebEventListener 76 - Trying to find Element By : By.xpath: //a[contains(text(),'Contacts')]
08-23-2021 17:43:38 WebEventListener.java INFO  [Forwarding actions on session 3d809a04fd6610bc670216e42b67ecd0 to remote] listener.WebEventListener 80 - Found Element By : By.xpath: //a[contains(text(),'Contacts')]
08-23-2021 17:43:38 WebEventListener.java INFO  [main] listener.WebEventListener 76 - Trying to find Element By : By.all({By.xpath: //a[text()='Contacts']/parent::li//ul//a})
08-23-2021 17:43:38 WebEventListener.java INFO  [main] listener.WebEventListener 80 - Found Element By : By.all({By.xpath: //a[text()='Contacts']/parent::li//ul//a})
]]></system-out>
    <system-err><![CDATA[Starting ChromeDriver 91.0.4472.101 (af52a90bf87030dd1523486a1cd3ae25c5d76c9b-refs/branch-heads/4472@{#1462}) on port 46779
Only local connections are allowed.
Please see https://chromedriver.chromium.org/security-considerations for suggestions on keeping ChromeDriver safe.
ChromeDriver was started successfully.
[1629720808.640][WARNING]: This version of ChromeDriver has not been tested with Chrome version 92.
Aug 23, 2021 5:43:28 PM org.openqa.selenium.remote.ProtocolHandshake createSession
INFO: Detected dialect: W3C
]]></system-err>
  </testcase>
  <testcase name="verifyContactsPageTitleTest" classname="com.crm.qa.testcases.ContactsPageTests" time="1.715">
    <system-out><![CDATA[08-23-2021 17:40:57 BrowserProperties.java INFO  [main] testproperties.BrowserProperties 38 - Reading Browser Properties.....
08-23-2021 17:40:57 WindowsActions.java INFO  [main] util.WindowsActions 21 - Properties File read successfully
08-23-2021 17:40:57 BrowserProperties.java INFO  [main] testproperties.BrowserProperties 53 - ***********************************************************************
08-23-2021 17:40:57 BrowserProperties.java INFO  [main] testproperties.BrowserProperties 54 - Broswer set as--->chrome
08-23-2021 17:40:57 BrowserProperties.java INFO  [main] testproperties.BrowserProperties 55 - Browser URL set as--->https://classic.freecrm.com/index.html
08-23-2021 17:40:57 BrowserProperties.java INFO  [main] testproperties.BrowserProperties 56 - Testing for Maximise Window Size--->true
08-23-2021 17:40:57 BrowserProperties.java INFO  [main] testproperties.BrowserProperties 57 - Testing for Headless Browser--->true
08-23-2021 17:40:57 BrowserProperties.java INFO  [main] testproperties.BrowserProperties 58 - User selected as--->groupautomation
08-23-2021 17:40:57 BrowserProperties.java INFO  [main] testproperties.BrowserProperties 59 - Password entered as--->Test@12345
08-23-2021 17:40:57 BrowserProperties.java INFO  [main] testproperties.BrowserProperties 60 - Browser Implicit Time selected as--->60
08-23-2021 17:40:57 BrowserProperties.java INFO  [main] testproperties.BrowserProperties 61 - Browser Page Load TIme selected as--->60
08-23-2021 17:40:57 BrowserProperties.java INFO  [main] testproperties.BrowserProperties 62 - ***********************************************************************
08-23-2021 17:40:57 TestEvidenceProperties.java INFO  [main] testproperties.TestEvidenceProperties 24 - Reading Test Evidence Properties.....
08-23-2021 17:40:57 WindowsActions.java INFO  [main] util.WindowsActions 21 - Properties File read successfully
08-23-2021 17:40:57 TestEvidenceProperties.java INFO  [main] testproperties.TestEvidenceProperties 33 - ***********************************************************************
08-23-2021 17:40:57 TestEvidenceProperties.java INFO  [main] testproperties.TestEvidenceProperties 34 - Test Evidence Folder Name set as--->Selenium_Evidence
08-23-2021 17:40:57 TestEvidenceProperties.java INFO  [main] testproperties.TestEvidenceProperties 35 - Test Evidence Folder Path set as--->C:\Users\Saurabh\OneDrive\Desktop
08-23-2021 17:40:57 TestEvidenceProperties.java INFO  [main] testproperties.TestEvidenceProperties 36 - ***********************************************************************
08-23-2021 17:40:57 WindowsActions.java INFO  [main] util.WindowsActions 30 - C:\Users\Saurabh\OneDrive\Desktop\Selenium_Evidence--->Folder already exists
08-23-2021 17:40:59 TestBase.java INFO  [main] base.TestBase 54 - Driver Initialised
08-23-2021 17:40:59 WebEventListener.java INFO  [main] listener.WebEventListener 23 - Before navigating to: 'https://classic.freecrm.com/index.html'
08-23-2021 17:41:03 WebEventListener.java INFO  [main] listener.WebEventListener 27 - Navigated to:'https://classic.freecrm.com/index.html'
08-23-2021 17:41:03 WebEventListener.java INFO  [main] listener.WebEventListener 76 - Trying to find Element By : By.name: username
08-23-2021 17:41:03 WebEventListener.java INFO  [main] listener.WebEventListener 80 - Found Element By : By.name: username
08-23-2021 17:41:03 WebEventListener.java INFO  [main] listener.WebEventListener 76 - Trying to find Element By : By.name: password
08-23-2021 17:41:03 WebEventListener.java INFO  [main] listener.WebEventListener 80 - Found Element By : By.name: password
08-23-2021 17:41:04 WebEventListener.java INFO  [main] listener.WebEventListener 76 - Trying to find Element By : By.xpath: //input[@type='submit']
08-23-2021 17:41:04 WebEventListener.java INFO  [main] listener.WebEventListener 80 - Found Element By : By.xpath: //input[@type='submit']
08-23-2021 17:41:04 WebEventListener.java INFO  [main] listener.WebEventListener 39 - Trying to click on: [[ChromeDriver: chrome on WINDOWS (b04e29162172534e11a387bd4ecc1a13)] -> xpath: //input[@type='submit']]
08-23-2021 17:41:09 WebEventListener.java INFO  [main] listener.WebEventListener 43 - Clicked on: [[ChromeDriver: chrome on WINDOWS (b04e29162172534e11a387bd4ecc1a13)] -> xpath: //input[@type='submit']]
08-23-2021 17:41:09 WebEventListener.java INFO  [main] listener.WebEventListener 76 - Trying to find Element By : By.xpath: //a[contains(text(),'Contacts')]
08-23-2021 17:41:09 WebEventListener.java INFO  [main] listener.WebEventListener 80 - Found Element By : By.xpath: //a[contains(text(),'Contacts')]
08-23-2021 17:41:09 WebEventListener.java INFO  [main] listener.WebEventListener 39 - Trying to click on: [[ChromeDriver: chrome on WINDOWS (b04e29162172534e11a387bd4ecc1a13)] -> xpath: //a[contains(text(),'Contacts')]]
08-23-2021 17:41:10 WebEventListener.java INFO  [main] listener.WebEventListener 43 - Clicked on: [[ChromeDriver: chrome on WINDOWS (b04e29162172534e11a387bd4ecc1a13)] -> xpath: //a[contains(text(),'Contacts')]]
08-23-2021 17:41:10 ContactsPageTests.java INFO  [main] testcases.ContactsPageTests 53 - Validating Contacts Page Title
]]></system-out>
    <system-err><![CDATA[Starting ChromeDriver 91.0.4472.101 (af52a90bf87030dd1523486a1cd3ae25c5d76c9b-refs/branch-heads/4472@{#1462}) on port 37070
Only local connections are allowed.
Please see https://chromedriver.chromium.org/security-considerations for suggestions on keeping ChromeDriver safe.
ChromeDriver was started successfully.
[1629720658.891][WARNING]: This version of ChromeDriver has not been tested with Chrome version 92.
Aug 23, 2021 5:40:58 PM org.openqa.selenium.remote.ProtocolHandshake createSession
INFO: Detected dialect: W3C
]]></system-err>
  </testcase>
  <testcase name="verifyContactsPageLabelTest" classname="com.crm.qa.testcases.ContactsPageTests" time="1.903">
    <system-out><![CDATA[08-23-2021 17:41:31 BrowserProperties.java INFO  [main] testproperties.BrowserProperties 38 - Reading Browser Properties.....
08-23-2021 17:41:31 WindowsActions.java INFO  [main] util.WindowsActions 21 - Properties File read successfully
08-23-2021 17:41:31 BrowserProperties.java INFO  [main] testproperties.BrowserProperties 53 - ***********************************************************************
08-23-2021 17:41:31 BrowserProperties.java INFO  [main] testproperties.BrowserProperties 54 - Broswer set as--->chrome
08-23-2021 17:41:31 BrowserProperties.java INFO  [main] testproperties.BrowserProperties 55 - Browser URL set as--->https://classic.freecrm.com/index.html
08-23-2021 17:41:31 BrowserProperties.java INFO  [main] testproperties.BrowserProperties 56 - Testing for Maximise Window Size--->true
08-23-2021 17:41:31 BrowserProperties.java INFO  [main] testproperties.BrowserProperties 57 - Testing for Headless Browser--->true
08-23-2021 17:41:31 BrowserProperties.java INFO  [main] testproperties.BrowserProperties 58 - User selected as--->groupautomation
08-23-2021 17:41:31 BrowserProperties.java INFO  [main] testproperties.BrowserProperties 59 - Password entered as--->Test@12345
08-23-2021 17:41:31 BrowserProperties.java INFO  [main] testproperties.BrowserProperties 60 - Browser Implicit Time selected as--->60
08-23-2021 17:41:31 BrowserProperties.java INFO  [main] testproperties.BrowserProperties 61 - Browser Page Load TIme selected as--->60
08-23-2021 17:41:31 BrowserProperties.java INFO  [main] testproperties.BrowserProperties 62 - ***********************************************************************
08-23-2021 17:41:31 TestEvidenceProperties.java INFO  [main] testproperties.TestEvidenceProperties 24 - Reading Test Evidence Properties.....
08-23-2021 17:41:31 WindowsActions.java INFO  [main] util.WindowsActions 21 - Properties File read successfully
08-23-2021 17:41:31 TestEvidenceProperties.java INFO  [main] testproperties.TestEvidenceProperties 33 - ***********************************************************************
08-23-2021 17:41:31 TestEvidenceProperties.java INFO  [main] testproperties.TestEvidenceProperties 34 - Test Evidence Folder Name set as--->Selenium_Evidence
08-23-2021 17:41:31 TestEvidenceProperties.java INFO  [main] testproperties.TestEvidenceProperties 35 - Test Evidence Folder Path set as--->C:\Users\Saurabh\OneDrive\Desktop
08-23-2021 17:41:31 TestEvidenceProperties.java INFO  [main] testproperties.TestEvidenceProperties 36 - ***********************************************************************
08-23-2021 17:41:31 WindowsActions.java INFO  [main] util.WindowsActions 30 - C:\Users\Saurabh\OneDrive\Desktop\Selenium_Evidence--->Folder already exists
08-23-2021 17:41:33 TestBase.java INFO  [main] base.TestBase 54 - Driver Initialised
08-23-2021 17:41:33 WebEventListener.java INFO  [main] listener.WebEventListener 23 - Before navigating to: 'https://classic.freecrm.com/index.html'
08-23-2021 17:41:38 WebEventListener.java INFO  [main] listener.WebEventListener 27 - Navigated to:'https://classic.freecrm.com/index.html'
08-23-2021 17:41:38 WebEventListener.java INFO  [main] listener.WebEventListener 76 - Trying to find Element By : By.name: username
08-23-2021 17:41:38 WebEventListener.java INFO  [main] listener.WebEventListener 80 - Found Element By : By.name: username
08-23-2021 17:41:38 WebEventListener.java INFO  [main] listener.WebEventListener 76 - Trying to find Element By : By.name: password
08-23-2021 17:41:38 WebEventListener.java INFO  [main] listener.WebEventListener 80 - Found Element By : By.name: password
08-23-2021 17:41:38 WebEventListener.java INFO  [main] listener.WebEventListener 76 - Trying to find Element By : By.xpath: //input[@type='submit']
08-23-2021 17:41:38 WebEventListener.java INFO  [main] listener.WebEventListener 80 - Found Element By : By.xpath: //input[@type='submit']
08-23-2021 17:41:38 WebEventListener.java INFO  [main] listener.WebEventListener 39 - Trying to click on: [[ChromeDriver: chrome on WINDOWS (d4744313d8dc48add606115759c29488)] -> xpath: //input[@type='submit']]
08-23-2021 17:41:43 WebEventListener.java INFO  [main] listener.WebEventListener 43 - Clicked on: [[ChromeDriver: chrome on WINDOWS (d4744313d8dc48add606115759c29488)] -> xpath: //input[@type='submit']]
08-23-2021 17:41:43 WebEventListener.java INFO  [main] listener.WebEventListener 76 - Trying to find Element By : By.xpath: //a[contains(text(),'Contacts')]
08-23-2021 17:41:43 WebEventListener.java INFO  [main] listener.WebEventListener 80 - Found Element By : By.xpath: //a[contains(text(),'Contacts')]
08-23-2021 17:41:43 WebEventListener.java INFO  [main] listener.WebEventListener 39 - Trying to click on: [[ChromeDriver: chrome on WINDOWS (d4744313d8dc48add606115759c29488)] -> xpath: //a[contains(text(),'Contacts')]]
08-23-2021 17:41:45 WebEventListener.java INFO  [main] listener.WebEventListener 43 - Clicked on: [[ChromeDriver: chrome on WINDOWS (d4744313d8dc48add606115759c29488)] -> xpath: //a[contains(text(),'Contacts')]]
08-23-2021 17:41:45 ContactsPageTests.java INFO  [main] testcases.ContactsPageTests 61 - Validating Contacts Page Label
08-23-2021 17:41:45 WebEventListener.java INFO  [main] listener.WebEventListener 76 - Trying to find Element By : By.xpath: //td[contains(text(),'Contacts')]
08-23-2021 17:41:45 WebEventListener.java INFO  [main] listener.WebEventListener 80 - Found Element By : By.xpath: //td[contains(text(),'Contacts')]
]]></system-out>
    <system-err><![CDATA[Starting ChromeDriver 91.0.4472.101 (af52a90bf87030dd1523486a1cd3ae25c5d76c9b-refs/branch-heads/4472@{#1462}) on port 6086
Only local connections are allowed.
Please see https://chromedriver.chromium.org/security-considerations for suggestions on keeping ChromeDriver safe.
ChromeDriver was started successfully.
[1629720693.230][WARNING]: This version of ChromeDriver has not been tested with Chrome version 92.
Aug 23, 2021 5:41:33 PM org.openqa.selenium.remote.ProtocolHandshake createSession
INFO: Detected dialect: W3C
]]></system-err>
  </testcase>
  <testcase name="verifyContactsTest" classname="com.crm.qa.testcases.ContactsPageTests" time="2.11">
    <system-out><![CDATA[08-23-2021 17:43:12 BrowserProperties.java INFO  [main] testproperties.BrowserProperties 38 - Reading Browser Properties.....
08-23-2021 17:43:12 WindowsActions.java INFO  [main] util.WindowsActions 21 - Properties File read successfully
08-23-2021 17:43:12 BrowserProperties.java INFO  [main] testproperties.BrowserProperties 53 - ***********************************************************************
08-23-2021 17:43:12 BrowserProperties.java INFO  [main] testproperties.BrowserProperties 54 - Broswer set as--->chrome
08-23-2021 17:43:12 BrowserProperties.java INFO  [main] testproperties.BrowserProperties 55 - Browser URL set as--->https://classic.freecrm.com/index.html
08-23-2021 17:43:12 BrowserProperties.java INFO  [main] testproperties.BrowserProperties 56 - Testing for Maximise Window Size--->true
08-23-2021 17:43:12 BrowserProperties.java INFO  [main] testproperties.BrowserProperties 57 - Testing for Headless Browser--->true
08-23-2021 17:43:12 BrowserProperties.java INFO  [main] testproperties.BrowserProperties 58 - User selected as--->groupautomation
08-23-2021 17:43:12 BrowserProperties.java INFO  [main] testproperties.BrowserProperties 59 - Password entered as--->Test@12345
08-23-2021 17:43:12 BrowserProperties.java INFO  [main] testproperties.BrowserProperties 60 - Browser Implicit Time selected as--->60
08-23-2021 17:43:12 BrowserProperties.java INFO  [main] testproperties.BrowserProperties 61 - Browser Page Load TIme selected as--->60
08-23-2021 17:43:12 BrowserProperties.java INFO  [main] testproperties.BrowserProperties 62 - ***********************************************************************
08-23-2021 17:43:12 TestEvidenceProperties.java INFO  [main] testproperties.TestEvidenceProperties 24 - Reading Test Evidence Properties.....
08-23-2021 17:43:12 WindowsActions.java INFO  [main] util.WindowsActions 21 - Properties File read successfully
08-23-2021 17:43:12 TestEvidenceProperties.java INFO  [main] testproperties.TestEvidenceProperties 33 - ***********************************************************************
08-23-2021 17:43:12 TestEvidenceProperties.java INFO  [main] testproperties.TestEvidenceProperties 34 - Test Evidence Folder Name set as--->Selenium_Evidence
08-23-2021 17:43:12 TestEvidenceProperties.java INFO  [main] testproperties.TestEvidenceProperties 35 - Test Evidence Folder Path set as--->C:\Users\Saurabh\OneDrive\Desktop
08-23-2021 17:43:12 TestEvidenceProperties.java INFO  [main] testproperties.TestEvidenceProperties 36 - ***********************************************************************
08-23-2021 17:43:12 WindowsActions.java INFO  [main] util.WindowsActions 30 - C:\Users\Saurabh\OneDrive\Desktop\Selenium_Evidence--->Folder already exists
08-23-2021 17:43:14 TestBase.java INFO  [main] base.TestBase 54 - Driver Initialised
08-23-2021 17:43:14 WebEventListener.java INFO  [main] listener.WebEventListener 23 - Before navigating to: 'https://classic.freecrm.com/index.html'
08-23-2021 17:43:18 WebEventListener.java INFO  [main] listener.WebEventListener 27 - Navigated to:'https://classic.freecrm.com/index.html'
08-23-2021 17:43:18 WebEventListener.java INFO  [main] listener.WebEventListener 76 - Trying to find Element By : By.name: username
08-23-2021 17:43:18 WebEventListener.java INFO  [main] listener.WebEventListener 80 - Found Element By : By.name: username
08-23-2021 17:43:18 WebEventListener.java INFO  [main] listener.WebEventListener 76 - Trying to find Element By : By.name: password
08-23-2021 17:43:19 WebEventListener.java INFO  [main] listener.WebEventListener 80 - Found Element By : By.name: password
08-23-2021 17:43:19 WebEventListener.java INFO  [main] listener.WebEventListener 76 - Trying to find Element By : By.xpath: //input[@type='submit']
08-23-2021 17:43:19 WebEventListener.java INFO  [main] listener.WebEventListener 80 - Found Element By : By.xpath: //input[@type='submit']
08-23-2021 17:43:19 WebEventListener.java INFO  [main] listener.WebEventListener 39 - Trying to click on: [[ChromeDriver: chrome on WINDOWS (d9f3b6253e2ef1bc455ae328ed5680af)] -> xpath: //input[@type='submit']]
08-23-2021 17:43:24 WebEventListener.java INFO  [main] listener.WebEventListener 43 - Clicked on: [[ChromeDriver: chrome on WINDOWS (d9f3b6253e2ef1bc455ae328ed5680af)] -> xpath: //input[@type='submit']]
08-23-2021 17:43:24 WebEventListener.java INFO  [main] listener.WebEventListener 76 - Trying to find Element By : By.xpath: //a[contains(text(),'Contacts')]
08-23-2021 17:43:24 WebEventListener.java INFO  [main] listener.WebEventListener 80 - Found Element By : By.xpath: //a[contains(text(),'Contacts')]
08-23-2021 17:43:24 WebEventListener.java INFO  [main] listener.WebEventListener 39 - Trying to click on: [[ChromeDriver: chrome on WINDOWS (d9f3b6253e2ef1bc455ae328ed5680af)] -> xpath: //a[contains(text(),'Contacts')]]
08-23-2021 17:43:26 WebEventListener.java INFO  [main] listener.WebEventListener 43 - Clicked on: [[ChromeDriver: chrome on WINDOWS (d9f3b6253e2ef1bc455ae328ed5680af)] -> xpath: //a[contains(text(),'Contacts')]]
08-23-2021 17:43:26 ContactsPageTests.java INFO  [main] testcases.ContactsPageTests 69 - Validating Contacts
08-23-2021 17:43:26 WebEventListener.java INFO  [main] listener.WebEventListener 76 - Trying to find Element By : By.xpath: //a[text()='amruta dhale']/parent::td[@class='datalistrow']//preceding-sibling::td[@class='datalistrow']//input[@name='contact_id']
08-23-2021 17:43:26 WebEventListener.java INFO  [main] listener.WebEventListener 80 - Found Element By : By.xpath: //a[text()='amruta dhale']/parent::td[@class='datalistrow']//preceding-sibling::td[@class='datalistrow']//input[@name='contact_id']
08-23-2021 17:43:26 WebEventListener.java INFO  [main] listener.WebEventListener 76 - Trying to find Element By : By.xpath: //a[text()='amruta dhale']/parent::td[@class='datalistrow']//preceding-sibling::td[@class='datalistrow']//input[@name='contact_id']
08-23-2021 17:43:26 WebEventListener.java INFO  [main] listener.WebEventListener 80 - Found Element By : By.xpath: //a[text()='amruta dhale']/parent::td[@class='datalistrow']//preceding-sibling::td[@class='datalistrow']//input[@name='contact_id']
08-23-2021 17:43:26 WebEventListener.java INFO  [main] listener.WebEventListener 76 - Trying to find Element By : By.xpath: //a[text()='amruta dhale']/parent::td[@class='datalistrow']//preceding-sibling::td[@class='datalistrow']//input[@name='contact_id']
08-23-2021 17:43:26 WebEventListener.java INFO  [main] listener.WebEventListener 80 - Found Element By : By.xpath: //a[text()='amruta dhale']/parent::td[@class='datalistrow']//preceding-sibling::td[@class='datalistrow']//input[@name='contact_id']
08-23-2021 17:43:26 WebEventListener.java INFO  [main] listener.WebEventListener 39 - Trying to click on: [[ChromeDriver: chrome on WINDOWS (d9f3b6253e2ef1bc455ae328ed5680af)] -> xpath: //a[text()='amruta dhale']/parent::td[@class='datalistrow']//preceding-sibling::td[@class='datalistrow']//input[@name='contact_id']]
08-23-2021 17:43:26 WebEventListener.java INFO  [main] listener.WebEventListener 43 - Clicked on: [[ChromeDriver: chrome on WINDOWS (d9f3b6253e2ef1bc455ae328ed5680af)] -> xpath: //a[text()='amruta dhale']/parent::td[@class='datalistrow']//preceding-sibling::td[@class='datalistrow']//input[@name='contact_id']]
08-23-2021 17:43:26 WebEventListener.java INFO  [main] listener.WebEventListener 76 - Trying to find Element By : By.xpath: //a[text()='amruta dhale']/parent::td[@class='datalistrow']//preceding-sibling::td[@class='datalistrow']//input[@name='contact_id']
08-23-2021 17:43:26 WebEventListener.java INFO  [main] listener.WebEventListener 80 - Found Element By : By.xpath: //a[text()='amruta dhale']/parent::td[@class='datalistrow']//preceding-sibling::td[@class='datalistrow']//input[@name='contact_id']
]]></system-out>
    <system-err><![CDATA[Starting ChromeDriver 91.0.4472.101 (af52a90bf87030dd1523486a1cd3ae25c5d76c9b-refs/branch-heads/4472@{#1462}) on port 12385
Only local connections are allowed.
Please see https://chromedriver.chromium.org/security-considerations for suggestions on keeping ChromeDriver safe.
ChromeDriver was started successfully.
[1629720793.962][WARNING]: This version of ChromeDriver has not been tested with Chrome version 92.
Aug 23, 2021 5:43:13 PM org.openqa.selenium.remote.ProtocolHandshake createSession
INFO: Detected dialect: W3C
]]></system-err>
  </testcase>
  <testcase name="verifyCreateContactTest[Mr., Samar, Sadabahar, Sharma, Microsoft](1)" classname="com.crm.qa.testcases.ContactsPageTests" time="5.337">
    <system-out><![CDATA[08-23-2021 17:43:40 BrowserProperties.java INFO  [main] testproperties.BrowserProperties 38 - Reading Browser Properties.....
08-23-2021 17:43:40 WindowsActions.java INFO  [main] util.WindowsActions 21 - Properties File read successfully
08-23-2021 17:43:40 BrowserProperties.java INFO  [main] testproperties.BrowserProperties 53 - ***********************************************************************
08-23-2021 17:43:40 BrowserProperties.java INFO  [main] testproperties.BrowserProperties 54 - Broswer set as--->chrome
08-23-2021 17:43:40 BrowserProperties.java INFO  [main] testproperties.BrowserProperties 55 - Browser URL set as--->https://classic.freecrm.com/index.html
08-23-2021 17:43:40 BrowserProperties.java INFO  [main] testproperties.BrowserProperties 56 - Testing for Maximise Window Size--->true
08-23-2021 17:43:40 BrowserProperties.java INFO  [main] testproperties.BrowserProperties 57 - Testing for Headless Browser--->true
08-23-2021 17:43:40 BrowserProperties.java INFO  [main] testproperties.BrowserProperties 58 - User selected as--->groupautomation
08-23-2021 17:43:40 BrowserProperties.java INFO  [main] testproperties.BrowserProperties 59 - Password entered as--->Test@12345
08-23-2021 17:43:40 BrowserProperties.java INFO  [main] testproperties.BrowserProperties 60 - Browser Implicit Time selected as--->60
08-23-2021 17:43:40 BrowserProperties.java INFO  [main] testproperties.BrowserProperties 61 - Browser Page Load TIme selected as--->60
08-23-2021 17:43:40 BrowserProperties.java INFO  [main] testproperties.BrowserProperties 62 - ***********************************************************************
08-23-2021 17:43:40 TestEvidenceProperties.java INFO  [main] testproperties.TestEvidenceProperties 24 - Reading Test Evidence Properties.....
08-23-2021 17:43:40 WindowsActions.java INFO  [main] util.WindowsActions 21 - Properties File read successfully
08-23-2021 17:43:40 TestEvidenceProperties.java INFO  [main] testproperties.TestEvidenceProperties 33 - ***********************************************************************
08-23-2021 17:43:40 TestEvidenceProperties.java INFO  [main] testproperties.TestEvidenceProperties 34 - Test Evidence Folder Name set as--->Selenium_Evidence
08-23-2021 17:43:40 TestEvidenceProperties.java INFO  [main] testproperties.TestEvidenceProperties 35 - Test Evidence Folder Path set as--->C:\Users\Saurabh\OneDrive\Desktop
08-23-2021 17:43:40 TestEvidenceProperties.java INFO  [main] testproperties.TestEvidenceProperties 36 - ***********************************************************************
08-23-2021 17:43:40 WindowsActions.java INFO  [main] util.WindowsActions 30 - C:\Users\Saurabh\OneDrive\Desktop\Selenium_Evidence--->Folder already exists
08-23-2021 17:43:41 TestBase.java INFO  [main] base.TestBase 54 - Driver Initialised
08-23-2021 17:43:41 WebEventListener.java INFO  [main] listener.WebEventListener 23 - Before navigating to: 'https://classic.freecrm.com/index.html'
08-23-2021 17:43:46 WebEventListener.java INFO  [main] listener.WebEventListener 27 - Navigated to:'https://classic.freecrm.com/index.html'
08-23-2021 17:43:46 WebEventListener.java INFO  [main] listener.WebEventListener 76 - Trying to find Element By : By.name: username
08-23-2021 17:43:46 WebEventListener.java INFO  [main] listener.WebEventListener 80 - Found Element By : By.name: username
08-23-2021 17:43:47 WebEventListener.java INFO  [main] listener.WebEventListener 76 - Trying to find Element By : By.name: password
08-23-2021 17:43:47 WebEventListener.java INFO  [main] listener.WebEventListener 80 - Found Element By : By.name: password
08-23-2021 17:43:47 WebEventListener.java INFO  [main] listener.WebEventListener 76 - Trying to find Element By : By.xpath: //input[@type='submit']
08-23-2021 17:43:47 WebEventListener.java INFO  [main] listener.WebEventListener 80 - Found Element By : By.xpath: //input[@type='submit']
08-23-2021 17:43:47 WebEventListener.java INFO  [main] listener.WebEventListener 39 - Trying to click on: [[ChromeDriver: chrome on WINDOWS (d5d9aa8ca3b8c360e529ca4c1f4330cc)] -> xpath: //input[@type='submit']]
08-23-2021 17:43:51 WebEventListener.java INFO  [main] listener.WebEventListener 43 - Clicked on: [[ChromeDriver: chrome on WINDOWS (d5d9aa8ca3b8c360e529ca4c1f4330cc)] -> xpath: //input[@type='submit']]
08-23-2021 17:43:51 ContactsPageTests.java INFO  [main] testcases.ContactsPageTests 79 - Validating Creation of new contact
08-23-2021 17:43:51 WebEventListener.java INFO  [Forwarding actions on session d5d9aa8ca3b8c360e529ca4c1f4330cc to remote] listener.WebEventListener 76 - Trying to find Element By : By.xpath: //a[contains(text(),'Contacts')]
08-23-2021 17:43:52 WebEventListener.java INFO  [Forwarding actions on session d5d9aa8ca3b8c360e529ca4c1f4330cc to remote] listener.WebEventListener 80 - Found Element By : By.xpath: //a[contains(text(),'Contacts')]
08-23-2021 17:43:52 WebEventListener.java INFO  [main] listener.WebEventListener 76 - Trying to find Element By : By.all({By.xpath: //a[text()='Contacts']/parent::li//ul//a})
08-23-2021 17:43:52 WebEventListener.java INFO  [main] listener.WebEventListener 80 - Found Element By : By.all({By.xpath: //a[text()='Contacts']/parent::li//ul//a})
08-23-2021 17:43:52 WebEventListener.java INFO  [main] listener.WebEventListener 39 - Trying to click on: [[ChromeDriver: chrome on WINDOWS (d5d9aa8ca3b8c360e529ca4c1f4330cc)] -> xpath: //a[text()='Contacts']/parent::li//ul//a]
08-23-2021 17:43:54 WebEventListener.java INFO  [main] listener.WebEventListener 43 - Clicked on: [[ChromeDriver: chrome on WINDOWS (d5d9aa8ca3b8c360e529ca4c1f4330cc)] -> xpath: //a[text()='Contacts']/parent::li//ul//a]
08-23-2021 17:43:54 WebEventListener.java INFO  [main] listener.WebEventListener 76 - Trying to find Element By : By.xpath: //select[@class='select' and @name = 'title']
08-23-2021 17:43:54 WebEventListener.java INFO  [main] listener.WebEventListener 80 - Found Element By : By.xpath: //select[@class='select' and @name = 'title']
08-23-2021 17:43:54 WebEventListener.java INFO  [main] listener.WebEventListener 76 - Trying to find Element By : By.xpath: .//option[normalize-space(.) = "Mr."]
08-23-2021 17:43:54 WebEventListener.java INFO  [main] listener.WebEventListener 80 - Found Element By : By.xpath: .//option[normalize-space(.) = "Mr."]
08-23-2021 17:43:54 WebEventListener.java INFO  [main] listener.WebEventListener 39 - Trying to click on: [[[[ChromeDriver: chrome on WINDOWS (d5d9aa8ca3b8c360e529ca4c1f4330cc)] -> xpath: //select[@class='select' and @name = 'title']]] -> xpath: .//option[normalize-space(.) = "Mr."]]
08-23-2021 17:43:54 WebEventListener.java INFO  [main] listener.WebEventListener 43 - Clicked on: [[[[ChromeDriver: chrome on WINDOWS (d5d9aa8ca3b8c360e529ca4c1f4330cc)] -> xpath: //select[@class='select' and @name = 'title']]] -> xpath: .//option[normalize-space(.) = "Mr."]]
08-23-2021 17:43:54 WebEventListener.java INFO  [main] listener.WebEventListener 76 - Trying to find Element By : By.xpath: //input[@name='first_name']
08-23-2021 17:43:54 WebEventListener.java INFO  [main] listener.WebEventListener 80 - Found Element By : By.xpath: //input[@name='first_name']
08-23-2021 17:43:54 WebEventListener.java INFO  [main] listener.WebEventListener 76 - Trying to find Element By : By.xpath: //input[@name='middle_initial']
08-23-2021 17:43:54 WebEventListener.java INFO  [main] listener.WebEventListener 80 - Found Element By : By.xpath: //input[@name='middle_initial']
08-23-2021 17:43:55 WebEventListener.java INFO  [main] listener.WebEventListener 76 - Trying to find Element By : By.xpath: //input[@name='surname']
08-23-2021 17:43:55 WebEventListener.java INFO  [main] listener.WebEventListener 80 - Found Element By : By.xpath: //input[@name='surname']
08-23-2021 17:43:55 WebEventListener.java INFO  [main] listener.WebEventListener 76 - Trying to find Element By : By.xpath: //input[@name='client_lookup']
08-23-2021 17:43:55 WebEventListener.java INFO  [main] listener.WebEventListener 80 - Found Element By : By.xpath: //input[@name='client_lookup']
08-23-2021 17:43:55 WebEventListener.java INFO  [main] listener.WebEventListener 76 - Trying to find Element By : By.xpath: //input[@type='submit' and @value='Save']
08-23-2021 17:43:55 WebEventListener.java INFO  [main] listener.WebEventListener 80 - Found Element By : By.xpath: //input[@type='submit' and @value='Save']
08-23-2021 17:43:55 WebEventListener.java INFO  [main] listener.WebEventListener 39 - Trying to click on: [[ChromeDriver: chrome on WINDOWS (d5d9aa8ca3b8c360e529ca4c1f4330cc)] -> xpath: //input[@type='submit' and @value='Save']]
08-23-2021 17:43:57 WebEventListener.java INFO  [main] listener.WebEventListener 43 - Clicked on: [[ChromeDriver: chrome on WINDOWS (d5d9aa8ca3b8c360e529ca4c1f4330cc)] -> xpath: //input[@type='submit' and @value='Save']]
]]></system-out>
    <system-err><![CDATA[Starting ChromeDriver 91.0.4472.101 (af52a90bf87030dd1523486a1cd3ae25c5d76c9b-refs/branch-heads/4472@{#1462}) on port 42406
Only local connections are allowed.
Please see https://chromedriver.chromium.org/security-considerations for suggestions on keeping ChromeDriver safe.
ChromeDriver was started successfully.
[1629720821.780][WARNING]: This version of ChromeDriver has not been tested with Chrome version 92.
Aug 23, 2021 5:43:41 PM org.openqa.selenium.remote.ProtocolHandshake createSession
INFO: Detected dialect: W3C
]]></system-err>
  </testcase>
  <testcase name="verifyCreateContactTest[Mrs., Anupama, , Shah, DBS](2)" classname="com.crm.qa.testcases.ContactsPageTests" time="6.08">
    <system-out><![CDATA[08-23-2021 17:43:57 BrowserProperties.java INFO  [main] testproperties.BrowserProperties 38 - Reading Browser Properties.....
08-23-2021 17:43:57 WindowsActions.java INFO  [main] util.WindowsActions 21 - Properties File read successfully
08-23-2021 17:43:57 BrowserProperties.java INFO  [main] testproperties.BrowserProperties 53 - ***********************************************************************
08-23-2021 17:43:57 BrowserProperties.java INFO  [main] testproperties.BrowserProperties 54 - Broswer set as--->chrome
08-23-2021 17:43:57 BrowserProperties.java INFO  [main] testproperties.BrowserProperties 55 - Browser URL set as--->https://classic.freecrm.com/index.html
08-23-2021 17:43:57 BrowserProperties.java INFO  [main] testproperties.BrowserProperties 56 - Testing for Maximise Window Size--->true
08-23-2021 17:43:57 BrowserProperties.java INFO  [main] testproperties.BrowserProperties 57 - Testing for Headless Browser--->true
08-23-2021 17:43:57 BrowserProperties.java INFO  [main] testproperties.BrowserProperties 58 - User selected as--->groupautomation
08-23-2021 17:43:57 BrowserProperties.java INFO  [main] testproperties.BrowserProperties 59 - Password entered as--->Test@12345
08-23-2021 17:43:57 BrowserProperties.java INFO  [main] testproperties.BrowserProperties 60 - Browser Implicit Time selected as--->60
08-23-2021 17:43:57 BrowserProperties.java INFO  [main] testproperties.BrowserProperties 61 - Browser Page Load TIme selected as--->60
08-23-2021 17:43:57 BrowserProperties.java INFO  [main] testproperties.BrowserProperties 62 - ***********************************************************************
08-23-2021 17:43:57 TestEvidenceProperties.java INFO  [main] testproperties.TestEvidenceProperties 24 - Reading Test Evidence Properties.....
08-23-2021 17:43:57 WindowsActions.java INFO  [main] util.WindowsActions 21 - Properties File read successfully
08-23-2021 17:43:57 TestEvidenceProperties.java INFO  [main] testproperties.TestEvidenceProperties 33 - ***********************************************************************
08-23-2021 17:43:57 TestEvidenceProperties.java INFO  [main] testproperties.TestEvidenceProperties 34 - Test Evidence Folder Name set as--->Selenium_Evidence
08-23-2021 17:43:57 TestEvidenceProperties.java INFO  [main] testproperties.TestEvidenceProperties 35 - Test Evidence Folder Path set as--->C:\Users\Saurabh\OneDrive\Desktop
08-23-2021 17:43:57 TestEvidenceProperties.java INFO  [main] testproperties.TestEvidenceProperties 36 - ***********************************************************************
08-23-2021 17:43:57 WindowsActions.java INFO  [main] util.WindowsActions 30 - C:\Users\Saurabh\OneDrive\Desktop\Selenium_Evidence--->Folder already exists
08-23-2021 17:43:59 TestBase.java INFO  [main] base.TestBase 54 - Driver Initialised
08-23-2021 17:43:59 WebEventListener.java INFO  [main] listener.WebEventListener 23 - Before navigating to: 'https://classic.freecrm.com/index.html'
08-23-2021 17:44:04 WebEventListener.java INFO  [main] listener.WebEventListener 27 - Navigated to:'https://classic.freecrm.com/index.html'
08-23-2021 17:44:04 WebEventListener.java INFO  [main] listener.WebEventListener 76 - Trying to find Element By : By.name: username
08-23-2021 17:44:04 WebEventListener.java INFO  [main] listener.WebEventListener 80 - Found Element By : By.name: username
08-23-2021 17:44:04 WebEventListener.java INFO  [main] listener.WebEventListener 76 - Trying to find Element By : By.name: password
08-23-2021 17:44:04 WebEventListener.java INFO  [main] listener.WebEventListener 80 - Found Element By : By.name: password
08-23-2021 17:44:04 WebEventListener.java INFO  [main] listener.WebEventListener 76 - Trying to find Element By : By.xpath: //input[@type='submit']
08-23-2021 17:44:04 WebEventListener.java INFO  [main] listener.WebEventListener 80 - Found Element By : By.xpath: //input[@type='submit']
08-23-2021 17:44:04 WebEventListener.java INFO  [main] listener.WebEventListener 39 - Trying to click on: [[ChromeDriver: chrome on WINDOWS (6d5904fb894740c3b31c46af50c350f4)] -> xpath: //input[@type='submit']]
08-23-2021 17:45:03 WebEventListener.java INFO  [main] listener.WebEventListener 43 - Clicked on: [[ChromeDriver: chrome on WINDOWS (6d5904fb894740c3b31c46af50c350f4)] -> xpath: //input[@type='submit']]
08-23-2021 17:45:03 ContactsPageTests.java INFO  [main] testcases.ContactsPageTests 79 - Validating Creation of new contact
08-23-2021 17:45:03 WebEventListener.java INFO  [Forwarding actions on session 6d5904fb894740c3b31c46af50c350f4 to remote] listener.WebEventListener 76 - Trying to find Element By : By.xpath: //a[contains(text(),'Contacts')]
08-23-2021 17:45:03 WebEventListener.java INFO  [Forwarding actions on session 6d5904fb894740c3b31c46af50c350f4 to remote] listener.WebEventListener 80 - Found Element By : By.xpath: //a[contains(text(),'Contacts')]
08-23-2021 17:45:03 WebEventListener.java INFO  [main] listener.WebEventListener 76 - Trying to find Element By : By.all({By.xpath: //a[text()='Contacts']/parent::li//ul//a})
08-23-2021 17:45:03 WebEventListener.java INFO  [main] listener.WebEventListener 80 - Found Element By : By.all({By.xpath: //a[text()='Contacts']/parent::li//ul//a})
08-23-2021 17:45:03 WebEventListener.java INFO  [main] listener.WebEventListener 39 - Trying to click on: [[ChromeDriver: chrome on WINDOWS (6d5904fb894740c3b31c46af50c350f4)] -> xpath: //a[text()='Contacts']/parent::li//ul//a]
08-23-2021 17:45:06 WebEventListener.java INFO  [main] listener.WebEventListener 43 - Clicked on: [[ChromeDriver: chrome on WINDOWS (6d5904fb894740c3b31c46af50c350f4)] -> xpath: //a[text()='Contacts']/parent::li//ul//a]
08-23-2021 17:45:06 WebEventListener.java INFO  [main] listener.WebEventListener 76 - Trying to find Element By : By.xpath: //select[@class='select' and @name = 'title']
08-23-2021 17:45:06 WebEventListener.java INFO  [main] listener.WebEventListener 80 - Found Element By : By.xpath: //select[@class='select' and @name = 'title']
08-23-2021 17:45:06 WebEventListener.java INFO  [main] listener.WebEventListener 76 - Trying to find Element By : By.xpath: .//option[normalize-space(.) = "Mrs."]
08-23-2021 17:45:06 WebEventListener.java INFO  [main] listener.WebEventListener 80 - Found Element By : By.xpath: .//option[normalize-space(.) = "Mrs."]
08-23-2021 17:45:06 WebEventListener.java INFO  [main] listener.WebEventListener 39 - Trying to click on: [[[[ChromeDriver: chrome on WINDOWS (6d5904fb894740c3b31c46af50c350f4)] -> xpath: //select[@class='select' and @name = 'title']]] -> xpath: .//option[normalize-space(.) = "Mrs."]]
08-23-2021 17:45:06 WebEventListener.java INFO  [main] listener.WebEventListener 43 - Clicked on: [[[[ChromeDriver: chrome on WINDOWS (6d5904fb894740c3b31c46af50c350f4)] -> xpath: //select[@class='select' and @name = 'title']]] -> xpath: .//option[normalize-space(.) = "Mrs."]]
08-23-2021 17:45:06 WebEventListener.java INFO  [main] listener.WebEventListener 76 - Trying to find Element By : By.xpath: //input[@name='first_name']
08-23-2021 17:45:06 WebEventListener.java INFO  [main] listener.WebEventListener 80 - Found Element By : By.xpath: //input[@name='first_name']
08-23-2021 17:45:07 WebEventListener.java INFO  [main] listener.WebEventListener 76 - Trying to find Element By : By.xpath: //input[@name='surname']
08-23-2021 17:45:07 WebEventListener.java INFO  [main] listener.WebEventListener 80 - Found Element By : By.xpath: //input[@name='surname']
08-23-2021 17:45:07 WebEventListener.java INFO  [main] listener.WebEventListener 76 - Trying to find Element By : By.xpath: //input[@name='client_lookup']
08-23-2021 17:45:07 WebEventListener.java INFO  [main] listener.WebEventListener 80 - Found Element By : By.xpath: //input[@name='client_lookup']
08-23-2021 17:45:07 WebEventListener.java INFO  [main] listener.WebEventListener 76 - Trying to find Element By : By.xpath: //input[@type='submit' and @value='Save']
08-23-2021 17:45:07 WebEventListener.java INFO  [main] listener.WebEventListener 80 - Found Element By : By.xpath: //input[@type='submit' and @value='Save']
08-23-2021 17:45:07 WebEventListener.java INFO  [main] listener.WebEventListener 39 - Trying to click on: [[ChromeDriver: chrome on WINDOWS (6d5904fb894740c3b31c46af50c350f4)] -> xpath: //input[@type='submit' and @value='Save']]
08-23-2021 17:45:09 WebEventListener.java INFO  [main] listener.WebEventListener 43 - Clicked on: [[ChromeDriver: chrome on WINDOWS (6d5904fb894740c3b31c46af50c350f4)] -> xpath: //input[@type='submit' and @value='Save']]
]]></system-out>
    <system-err><![CDATA[Starting ChromeDriver 91.0.4472.101 (af52a90bf87030dd1523486a1cd3ae25c5d76c9b-refs/branch-heads/4472@{#1462}) on port 18331
Only local connections are allowed.
Please see https://chromedriver.chromium.org/security-considerations for suggestions on keeping ChromeDriver safe.
ChromeDriver was started successfully.
[1629720839.232][WARNING]: This version of ChromeDriver has not been tested with Chrome version 92.
Aug 23, 2021 5:43:59 PM org.openqa.selenium.remote.ProtocolHandshake createSession
INFO: Detected dialect: W3C
]]></system-err>
  </testcase>
  <testcase name="verifyCreateContactTest[Dr., Rajan, Prasad, , Apolo](3)" classname="com.crm.qa.testcases.ContactsPageTests" time="3.092">
    <system-out><![CDATA[08-23-2021 17:45:10 BrowserProperties.java INFO  [main] testproperties.BrowserProperties 38 - Reading Browser Properties.....
08-23-2021 17:45:10 WindowsActions.java INFO  [main] util.WindowsActions 21 - Properties File read successfully
08-23-2021 17:45:10 BrowserProperties.java INFO  [main] testproperties.BrowserProperties 53 - ***********************************************************************
08-23-2021 17:45:10 BrowserProperties.java INFO  [main] testproperties.BrowserProperties 54 - Broswer set as--->chrome
08-23-2021 17:45:10 BrowserProperties.java INFO  [main] testproperties.BrowserProperties 55 - Browser URL set as--->https://classic.freecrm.com/index.html
08-23-2021 17:45:10 BrowserProperties.java INFO  [main] testproperties.BrowserProperties 56 - Testing for Maximise Window Size--->true
08-23-2021 17:45:10 BrowserProperties.java INFO  [main] testproperties.BrowserProperties 57 - Testing for Headless Browser--->true
08-23-2021 17:45:10 BrowserProperties.java INFO  [main] testproperties.BrowserProperties 58 - User selected as--->groupautomation
08-23-2021 17:45:10 BrowserProperties.java INFO  [main] testproperties.BrowserProperties 59 - Password entered as--->Test@12345
08-23-2021 17:45:10 BrowserProperties.java INFO  [main] testproperties.BrowserProperties 60 - Browser Implicit Time selected as--->60
08-23-2021 17:45:10 BrowserProperties.java INFO  [main] testproperties.BrowserProperties 61 - Browser Page Load TIme selected as--->60
08-23-2021 17:45:10 BrowserProperties.java INFO  [main] testproperties.BrowserProperties 62 - ***********************************************************************
08-23-2021 17:45:10 TestEvidenceProperties.java INFO  [main] testproperties.TestEvidenceProperties 24 - Reading Test Evidence Properties.....
08-23-2021 17:45:10 WindowsActions.java INFO  [main] util.WindowsActions 21 - Properties File read successfully
08-23-2021 17:45:10 TestEvidenceProperties.java INFO  [main] testproperties.TestEvidenceProperties 33 - ***********************************************************************
08-23-2021 17:45:10 TestEvidenceProperties.java INFO  [main] testproperties.TestEvidenceProperties 34 - Test Evidence Folder Name set as--->Selenium_Evidence
08-23-2021 17:45:10 TestEvidenceProperties.java INFO  [main] testproperties.TestEvidenceProperties 35 - Test Evidence Folder Path set as--->C:\Users\Saurabh\OneDrive\Desktop
08-23-2021 17:45:10 TestEvidenceProperties.java INFO  [main] testproperties.TestEvidenceProperties 36 - ***********************************************************************
08-23-2021 17:45:10 WindowsActions.java INFO  [main] util.WindowsActions 30 - C:\Users\Saurabh\OneDrive\Desktop\Selenium_Evidence--->Folder already exists
08-23-2021 17:45:11 TestBase.java INFO  [main] base.TestBase 54 - Driver Initialised
08-23-2021 17:45:11 WebEventListener.java INFO  [main] listener.WebEventListener 23 - Before navigating to: 'https://classic.freecrm.com/index.html'
08-23-2021 17:45:16 WebEventListener.java INFO  [main] listener.WebEventListener 27 - Navigated to:'https://classic.freecrm.com/index.html'
08-23-2021 17:45:16 WebEventListener.java INFO  [main] listener.WebEventListener 76 - Trying to find Element By : By.name: username
08-23-2021 17:45:16 WebEventListener.java INFO  [main] listener.WebEventListener 80 - Found Element By : By.name: username
08-23-2021 17:45:16 WebEventListener.java INFO  [main] listener.WebEventListener 76 - Trying to find Element By : By.name: password
08-23-2021 17:45:16 WebEventListener.java INFO  [main] listener.WebEventListener 80 - Found Element By : By.name: password
08-23-2021 17:45:16 WebEventListener.java INFO  [main] listener.WebEventListener 76 - Trying to find Element By : By.xpath: //input[@type='submit']
08-23-2021 17:45:16 WebEventListener.java INFO  [main] listener.WebEventListener 80 - Found Element By : By.xpath: //input[@type='submit']
08-23-2021 17:45:16 WebEventListener.java INFO  [main] listener.WebEventListener 39 - Trying to click on: [[ChromeDriver: chrome on WINDOWS (000b005a49e57db62e154748a633d460)] -> xpath: //input[@type='submit']]
08-23-2021 17:45:21 WebEventListener.java INFO  [main] listener.WebEventListener 43 - Clicked on: [[ChromeDriver: chrome on WINDOWS (000b005a49e57db62e154748a633d460)] -> xpath: //input[@type='submit']]
08-23-2021 17:45:21 ContactsPageTests.java INFO  [main] testcases.ContactsPageTests 79 - Validating Creation of new contact
08-23-2021 17:45:21 WebEventListener.java INFO  [Forwarding actions on session 000b005a49e57db62e154748a633d460 to remote] listener.WebEventListener 76 - Trying to find Element By : By.xpath: //a[contains(text(),'Contacts')]
08-23-2021 17:45:21 WebEventListener.java INFO  [Forwarding actions on session 000b005a49e57db62e154748a633d460 to remote] listener.WebEventListener 80 - Found Element By : By.xpath: //a[contains(text(),'Contacts')]
08-23-2021 17:45:22 WebEventListener.java INFO  [main] listener.WebEventListener 76 - Trying to find Element By : By.all({By.xpath: //a[text()='Contacts']/parent::li//ul//a})
08-23-2021 17:45:22 WebEventListener.java INFO  [main] listener.WebEventListener 80 - Found Element By : By.all({By.xpath: //a[text()='Contacts']/parent::li//ul//a})
08-23-2021 17:45:22 WebEventListener.java INFO  [main] listener.WebEventListener 39 - Trying to click on: [[ChromeDriver: chrome on WINDOWS (000b005a49e57db62e154748a633d460)] -> xpath: //a[text()='Contacts']/parent::li//ul//a]
08-23-2021 17:45:23 WebEventListener.java INFO  [main] listener.WebEventListener 43 - Clicked on: [[ChromeDriver: chrome on WINDOWS (000b005a49e57db62e154748a633d460)] -> xpath: //a[text()='Contacts']/parent::li//ul//a]
08-23-2021 17:45:23 WebEventListener.java INFO  [main] listener.WebEventListener 76 - Trying to find Element By : By.xpath: //select[@class='select' and @name = 'title']
08-23-2021 17:45:23 WebEventListener.java INFO  [main] listener.WebEventListener 80 - Found Element By : By.xpath: //select[@class='select' and @name = 'title']
08-23-2021 17:45:24 WebEventListener.java INFO  [main] listener.WebEventListener 76 - Trying to find Element By : By.xpath: .//option[normalize-space(.) = "Dr."]
08-23-2021 17:45:24 WebEventListener.java INFO  [main] listener.WebEventListener 80 - Found Element By : By.xpath: .//option[normalize-space(.) = "Dr."]
08-23-2021 17:45:24 WebEventListener.java INFO  [main] listener.WebEventListener 39 - Trying to click on: [[[[ChromeDriver: chrome on WINDOWS (000b005a49e57db62e154748a633d460)] -> xpath: //select[@class='select' and @name = 'title']]] -> xpath: .//option[normalize-space(.) = "Dr."]]
08-23-2021 17:45:24 WebEventListener.java INFO  [main] listener.WebEventListener 43 - Clicked on: [[[[ChromeDriver: chrome on WINDOWS (000b005a49e57db62e154748a633d460)] -> xpath: //select[@class='select' and @name = 'title']]] -> xpath: .//option[normalize-space(.) = "Dr."]]
08-23-2021 17:45:24 WebEventListener.java INFO  [main] listener.WebEventListener 76 - Trying to find Element By : By.xpath: //input[@name='first_name']
08-23-2021 17:45:24 WebEventListener.java INFO  [main] listener.WebEventListener 80 - Found Element By : By.xpath: //input[@name='first_name']
08-23-2021 17:45:24 WebEventListener.java INFO  [main] listener.WebEventListener 76 - Trying to find Element By : By.xpath: //input[@name='middle_initial']
08-23-2021 17:45:24 WebEventListener.java INFO  [main] listener.WebEventListener 80 - Found Element By : By.xpath: //input[@name='middle_initial']
08-23-2021 17:45:24 WebEventListener.java INFO  [main] listener.WebEventListener 76 - Trying to find Element By : By.xpath: //input[@name='client_lookup']
08-23-2021 17:45:24 WebEventListener.java INFO  [main] listener.WebEventListener 80 - Found Element By : By.xpath: //input[@name='client_lookup']
08-23-2021 17:45:24 WebEventListener.java INFO  [main] listener.WebEventListener 76 - Trying to find Element By : By.xpath: //input[@type='submit' and @value='Save']
08-23-2021 17:45:24 WebEventListener.java INFO  [main] listener.WebEventListener 80 - Found Element By : By.xpath: //input[@type='submit' and @value='Save']
08-23-2021 17:45:24 WebEventListener.java INFO  [main] listener.WebEventListener 39 - Trying to click on: [[ChromeDriver: chrome on WINDOWS (000b005a49e57db62e154748a633d460)] -> xpath: //input[@type='submit' and @value='Save']]
08-23-2021 17:45:24 WebEventListener.java INFO  [main] listener.WebEventListener 43 - Clicked on: [[ChromeDriver: chrome on WINDOWS (000b005a49e57db62e154748a633d460)] -> xpath: //input[@type='submit' and @value='Save']]
]]></system-out>
    <system-err><![CDATA[Starting ChromeDriver 91.0.4472.101 (af52a90bf87030dd1523486a1cd3ae25c5d76c9b-refs/branch-heads/4472@{#1462}) on port 33038
Only local connections are allowed.
Please see https://chromedriver.chromium.org/security-considerations for suggestions on keeping ChromeDriver safe.
ChromeDriver was started successfully.
[1629720911.346][WARNING]: This version of ChromeDriver has not been tested with Chrome version 92.
Aug 23, 2021 5:45:11 PM org.openqa.selenium.remote.ProtocolHandshake createSession
INFO: Detected dialect: W3C
]]></system-err>
  </testcase>
</testsuite>