<?xml version="1.0" encoding="UTF-8"?>
<testng-results skipped="0" failed="0" ignored="3" total="6" passed="3">
  <reporter-output>
  </reporter-output>
  <suite name="FreeCRM Application Test Automation Suite" duration-ms="45380" started-at="2021-08-24T13:56:34Z" finished-at="2021-08-24T13:57:20Z">
    <groups>
    </groups>
    <test name="FreeCRM App Test Cases" duration-ms="45380" started-at="2021-08-24T13:56:34Z" finished-at="2021-08-24T13:57:20Z">
      <class name="com.crm.qa.testcases.ContactsPageTests">
        <test-method status="PASS" signature="setup(java.lang.String, java.lang.String, java.lang.String, java.lang.String, java.lang.String, java.lang.String, java.lang.String, java.lang.String, java.lang.String)[pri:0, instance:com.crm.qa.testcases.ContactsPageTests@111c2a7]" name="setup" is-config="true" duration-ms="10909" started-at="2021-08-24T19:26:35Z" finished-at="2021-08-24T19:26:46Z">
          <params>
            <param index="0">
              <value>
                <![CDATA[chrome]]>
              </value>
            </param>
            <param index="1">
              <value>
                <![CDATA[C:\\Users\\Saurabh\\OneDrive\\Desktop\\Utilities]]>
              </value>
            </param>
            <param index="2">
              <value>
                <![CDATA[true]]>
              </value>
            </param>
            <param index="3">
              <value>
                <![CDATA[true]]>
              </value>
            </param>
            <param index="4">
              <value>
                <![CDATA[https://classic.freecrm.com/index.html]]>
              </value>
            </param>
            <param index="5">
              <value>
                <![CDATA[groupautomation]]>
              </value>
            </param>
            <param index="6">
              <value>
                <![CDATA[Test@12345]]>
              </value>
            </param>
            <param index="7">
              <value>
                <![CDATA[60]]>
              </value>
            </param>
            <param index="8">
              <value>
                <![CDATA[60]]>
              </value>
            </param>
          </params>
          <reporter-output>
          </reporter-output>
        </test-method> <!-- setup -->
        <test-method status="PASS" signature="verifyCreateContactTest(java.lang.String, java.lang.String, java.lang.String, java.lang.String, java.lang.String)[pri:4, instance:com.crm.qa.testcases.ContactsPageTests@111c2a7]" name="verifyCreateContactTest" duration-ms="3584" started-at="2021-08-24T19:26:46Z" data-provider="getContactsTestData" finished-at="2021-08-24T19:26:49Z">
          <params>
            <param index="0">
              <value>
                <![CDATA[Mr.]]>
              </value>
            </param>
            <param index="1">
              <value>
                <![CDATA[Samar]]>
              </value>
            </param>
            <param index="2">
              <value>
                <![CDATA[Sadabahar]]>
              </value>
            </param>
            <param index="3">
              <value>
                <![CDATA[Sharma]]>
              </value>
            </param>
            <param index="4">
              <value>
                <![CDATA[Microsoft]]>
              </value>
            </param>
          </params>
          <reporter-output>
          </reporter-output>
        </test-method> <!-- verifyCreateContactTest -->
        <test-method status="PASS" signature="tearDown()[pri:0, instance:com.crm.qa.testcases.ContactsPageTests@111c2a7]" name="tearDown" is-config="true" duration-ms="576" started-at="2021-08-24T19:26:49Z" finished-at="2021-08-24T19:26:50Z">
          <reporter-output>
          </reporter-output>
        </test-method> <!-- tearDown -->
        <test-method status="PASS" signature="setup(java.lang.String, java.lang.String, java.lang.String, java.lang.String, java.lang.String, java.lang.String, java.lang.String, java.lang.String, java.lang.String)[pri:0, instance:com.crm.qa.testcases.ContactsPageTests@111c2a7]" name="setup" is-config="true" duration-ms="13362" started-at="2021-08-24T19:26:50Z" finished-at="2021-08-24T19:27:03Z">
          <params>
            <param index="0">
              <value>
                <![CDATA[chrome]]>
              </value>
            </param>
            <param index="1">
              <value>
                <![CDATA[C:\\Users\\Saurabh\\OneDrive\\Desktop\\Utilities]]>
              </value>
            </param>
            <param index="2">
              <value>
                <![CDATA[true]]>
              </value>
            </param>
            <param index="3">
              <value>
                <![CDATA[true]]>
              </value>
            </param>
            <param index="4">
              <value>
                <![CDATA[https://classic.freecrm.com/index.html]]>
              </value>
            </param>
            <param index="5">
              <value>
                <![CDATA[groupautomation]]>
              </value>
            </param>
            <param index="6">
              <value>
                <![CDATA[Test@12345]]>
              </value>
            </param>
            <param index="7">
              <value>
                <![CDATA[60]]>
              </value>
            </param>
            <param index="8">
              <value>
                <![CDATA[60]]>
              </value>
            </param>
          </params>
          <reporter-output>
          </reporter-output>
        </test-method> <!-- setup -->
        <test-method status="PASS" signature="verifyCreateContactTest(java.lang.String, java.lang.String, java.lang.String, java.lang.String, java.lang.String)[pri:4, instance:com.crm.qa.testcases.ContactsPageTests@111c2a7]" name="verifyCreateContactTest" duration-ms="3278" started-at="2021-08-24T19:27:03Z" data-provider="getContactsTestData" finished-at="2021-08-24T19:27:06Z">
          <params>
            <param index="0">
              <value>
                <![CDATA[Mrs.]]>
              </value>
            </param>
            <param index="1">
              <value>
                <![CDATA[Anupama]]>
              </value>
            </param>
            <param index="2">
              <value>
                <![CDATA[]]>
              </value>
            </param>
            <param index="3">
              <value>
                <![CDATA[Shah]]>
              </value>
            </param>
            <param index="4">
              <value>
                <![CDATA[DBS]]>
              </value>
            </param>
          </params>
          <reporter-output>
          </reporter-output>
        </test-method> <!-- verifyCreateContactTest -->
        <test-method status="PASS" signature="tearDown()[pri:0, instance:com.crm.qa.testcases.ContactsPageTests@111c2a7]" name="tearDown" is-config="true" duration-ms="572" started-at="2021-08-24T19:27:06Z" finished-at="2021-08-24T19:27:07Z">
          <reporter-output>
          </reporter-output>
        </test-method> <!-- tearDown -->
        <test-method status="PASS" signature="setup(java.lang.String, java.lang.String, java.lang.String, java.lang.String, java.lang.String, java.lang.String, java.lang.String, java.lang.String, java.lang.String)[pri:0, instance:com.crm.qa.testcases.ContactsPageTests@111c2a7]" name="setup" is-config="true" duration-ms="10256" started-at="2021-08-24T19:27:07Z" finished-at="2021-08-24T19:27:17Z">
          <params>
            <param index="0">
              <value>
                <![CDATA[chrome]]>
              </value>
            </param>
            <param index="1">
              <value>
                <![CDATA[C:\\Users\\Saurabh\\OneDrive\\Desktop\\Utilities]]>
              </value>
            </param>
            <param index="2">
              <value>
                <![CDATA[true]]>
              </value>
            </param>
            <param index="3">
              <value>
                <![CDATA[true]]>
              </value>
            </param>
            <param index="4">
              <value>
                <![CDATA[https://classic.freecrm.com/index.html]]>
              </value>
            </param>
            <param index="5">
              <value>
                <![CDATA[groupautomation]]>
              </value>
            </param>
            <param index="6">
              <value>
                <![CDATA[Test@12345]]>
              </value>
            </param>
            <param index="7">
              <value>
                <![CDATA[60]]>
              </value>
            </param>
            <param index="8">
              <value>
                <![CDATA[60]]>
              </value>
            </param>
          </params>
          <reporter-output>
          </reporter-output>
        </test-method> <!-- setup -->
        <test-method status="PASS" signature="verifyCreateContactTest(java.lang.String, java.lang.String, java.lang.String, java.lang.String, java.lang.String)[pri:4, instance:com.crm.qa.testcases.ContactsPageTests@111c2a7]" name="verifyCreateContactTest" duration-ms="1873" started-at="2021-08-24T19:27:17Z" data-provider="getContactsTestData" finished-at="2021-08-24T19:27:19Z">
          <params>
            <param index="0">
              <value>
                <![CDATA[Dr.]]>
              </value>
            </param>
            <param index="1">
              <value>
                <![CDATA[Rajan]]>
              </value>
            </param>
            <param index="2">
              <value>
                <![CDATA[Prasad]]>
              </value>
            </param>
            <param index="3">
              <value>
                <![CDATA[]]>
              </value>
            </param>
            <param index="4">
              <value>
                <![CDATA[Apolo]]>
              </value>
            </param>
          </params>
          <reporter-output>
          </reporter-output>
        </test-method> <!-- verifyCreateContactTest -->
        <test-method status="PASS" signature="tearDown()[pri:0, instance:com.crm.qa.testcases.ContactsPageTests@111c2a7]" name="tearDown" is-config="true" duration-ms="576" started-at="2021-08-24T19:27:19Z" finished-at="2021-08-24T19:27:20Z">
          <reporter-output>
          </reporter-output>
        </test-method> <!-- tearDown -->
      </class> <!-- com.crm.qa.testcases.ContactsPageTests -->
    </test> <!-- FreeCRM App Test Cases -->
  </suite> <!-- FreeCRM Application Test Automation Suite -->
</testng-results>
