<?xml version="1.0" encoding="UTF-8"?>
<testng-results skipped="0" failed="0" ignored="3" total="4" passed="1">
  <reporter-output>
  </reporter-output>
  <suite name="FreeCRM Application Test Automation Suite" duration-ms="12716" started-at="2021-08-24T14:24:43Z" finished-at="2021-08-24T14:24:55Z">
    <groups>
    </groups>
    <test name="FreeCRM App Test Cases" duration-ms="12716" started-at="2021-08-24T14:24:43Z" finished-at="2021-08-24T14:24:55Z">
      <class name="com.crm.qa.testcases.ContactsPageTests">
        <test-method status="PASS" signature="setup(java.lang.String, java.lang.String, java.lang.String, java.lang.String, java.lang.String, java.lang.String, java.lang.String, java.lang.String, java.lang.String)[pri:0, instance:com.crm.qa.testcases.ContactsPageTests@14425a7]" name="setup" is-config="true" duration-ms="10703" started-at="2021-08-24T19:54:43Z" finished-at="2021-08-24T19:54:53Z">
          <params>
            <param index="0">
              <value>
                <![CDATA[chrome]]>
              </value>
            </param>
            <param index="1">
              <value>
                <![CDATA[\src\test\resources\webDrivers\]]>
              </value>
            </param>
            <param index="2">
              <value>
                <![CDATA[true]]>
              </value>
            </param>
            <param index="3">
              <value>
                <![CDATA[true]]>
              </value>
            </param>
            <param index="4">
              <value>
                <![CDATA[https://classic.freecrm.com/index.html]]>
              </value>
            </param>
            <param index="5">
              <value>
                <![CDATA[groupautomation]]>
              </value>
            </param>
            <param index="6">
              <value>
                <![CDATA[Test@12345]]>
              </value>
            </param>
            <param index="7">
              <value>
                <![CDATA[60]]>
              </value>
            </param>
            <param index="8">
              <value>
                <![CDATA[60]]>
              </value>
            </param>
          </params>
          <reporter-output>
          </reporter-output>
        </test-method> <!-- setup -->
        <test-method status="PASS" signature="verifyContactsPageTitleTest()[pri:1, instance:com.crm.qa.testcases.ContactsPageTests@14425a7]" name="verifyContactsPageTitleTest" duration-ms="1417" started-at="2021-08-24T19:54:53Z" finished-at="2021-08-24T19:54:55Z">
          <reporter-output>
          </reporter-output>
        </test-method> <!-- verifyContactsPageTitleTest -->
        <test-method status="PASS" signature="tearDown()[pri:0, instance:com.crm.qa.testcases.ContactsPageTests@14425a7]" name="tearDown" is-config="true" duration-ms="582" started-at="2021-08-24T19:54:55Z" finished-at="2021-08-24T19:54:55Z">
          <reporter-output>
          </reporter-output>
        </test-method> <!-- tearDown -->
      </class> <!-- com.crm.qa.testcases.ContactsPageTests -->
    </test> <!-- FreeCRM App Test Cases -->
  </suite> <!-- FreeCRM Application Test Automation Suite -->
</testng-results>
