<?xml version="1.0" encoding="UTF-8"?>
<testng-results skipped="0" failed="0" ignored="8" total="15" passed="7">
  <reporter-output>
  </reporter-output>
  <suite name="FreeCRM Application Test Automation Suite" duration-ms="79004" started-at="2021-08-27T11:50:10Z" finished-at="2021-08-27T11:51:29Z">
    <groups>
    </groups>
    <test name="FreeCRM App Test Cases" duration-ms="79004" started-at="2021-08-27T11:50:10Z" finished-at="2021-08-27T11:51:29Z">
      <class name="com.crm.qa.testcases.LoginPageTests">
        <test-method status="PASS" signature="setup()[pri:0, instance:com.crm.qa.testcases.LoginPageTests@1239d7d]" name="setup" is-config="true" duration-ms="6091" started-at="2021-08-27T17:20:24Z" finished-at="2021-08-27T17:20:30Z">
          <reporter-output>
          </reporter-output>
        </test-method> <!-- setup -->
        <test-method status="PASS" signature="verifyloginPageTitleTest()[pri:1, instance:com.crm.qa.testcases.LoginPageTests@1239d7d]" name="verifyloginPageTitleTest" duration-ms="14" started-at="2021-08-27T17:20:30Z" finished-at="2021-08-27T17:20:31Z">
          <reporter-output>
          </reporter-output>
        </test-method> <!-- verifyloginPageTitleTest -->
        <test-method status="PASS" signature="tearDown(org.testng.ITestResult)[pri:0, instance:com.crm.qa.testcases.LoginPageTests@1239d7d]" name="tearDown" is-config="true" duration-ms="594" started-at="2021-08-27T17:20:31Z" finished-at="2021-08-27T17:20:31Z">
          <params>
            <param index="0">
              <value>
                <![CDATA[[TestResult name=verifyloginPageTitleTest status=SUCCESS method=LoginPageTests.verifyloginPageTitleTest()[pri:1, instance:com.crm.qa.testcases.LoginPageTests@1239d7d] output={null}]]]>
              </value>
            </param>
          </params>
          <reporter-output>
          </reporter-output>
        </test-method> <!-- tearDown -->
        <test-method status="PASS" signature="setup()[pri:0, instance:com.crm.qa.testcases.LoginPageTests@1239d7d]" name="setup" is-config="true" duration-ms="6786" started-at="2021-08-27T17:20:56Z" finished-at="2021-08-27T17:21:03Z">
          <reporter-output>
          </reporter-output>
        </test-method> <!-- setup -->
        <test-method status="PASS" signature="verifycrmLogoImageTest()[pri:2, instance:com.crm.qa.testcases.LoginPageTests@1239d7d]" name="verifycrmLogoImageTest" duration-ms="130" started-at="2021-08-27T17:21:03Z" finished-at="2021-08-27T17:21:03Z">
          <reporter-output>
          </reporter-output>
        </test-method> <!-- verifycrmLogoImageTest -->
        <test-method status="PASS" signature="tearDown(org.testng.ITestResult)[pri:0, instance:com.crm.qa.testcases.LoginPageTests@1239d7d]" name="tearDown" is-config="true" duration-ms="596" started-at="2021-08-27T17:21:03Z" finished-at="2021-08-27T17:21:04Z">
          <params>
            <param index="0">
              <value>
                <![CDATA[[TestResult name=verifycrmLogoImageTest status=SUCCESS method=LoginPageTests.verifycrmLogoImageTest()[pri:2, instance:com.crm.qa.testcases.LoginPageTests@1239d7d] output={null}]]]>
              </value>
            </param>
          </params>
          <reporter-output>
          </reporter-output>
        </test-method> <!-- tearDown -->
        <test-method status="PASS" signature="setup()[pri:0, instance:com.crm.qa.testcases.LoginPageTests@1239d7d]" name="setup" is-config="true" duration-ms="5951" started-at="2021-08-27T17:21:17Z" finished-at="2021-08-27T17:21:23Z">
          <reporter-output>
          </reporter-output>
        </test-method> <!-- setup -->
        <test-method status="PASS" signature="verifyloginTest()[pri:3, instance:com.crm.qa.testcases.LoginPageTests@1239d7d]" name="verifyloginTest" duration-ms="5161" started-at="2021-08-27T17:21:23Z" finished-at="2021-08-27T17:21:28Z">
          <reporter-output>
          </reporter-output>
        </test-method> <!-- verifyloginTest -->
        <test-method status="PASS" signature="tearDown(org.testng.ITestResult)[pri:0, instance:com.crm.qa.testcases.LoginPageTests@1239d7d]" name="tearDown" is-config="true" duration-ms="598" started-at="2021-08-27T17:21:28Z" finished-at="2021-08-27T17:21:29Z">
          <params>
            <param index="0">
              <value>
                <![CDATA[[TestResult name=verifyloginTest status=SUCCESS method=LoginPageTests.verifyloginTest()[pri:3, instance:com.crm.qa.testcases.LoginPageTests@1239d7d] output={null}]]]>
              </value>
            </param>
          </params>
          <reporter-output>
          </reporter-output>
        </test-method> <!-- tearDown -->
      </class> <!-- com.crm.qa.testcases.LoginPageTests -->
      <class name="com.crm.qa.testcases.HomePageTests">
        <test-method status="PASS" signature="setup()[pri:0, instance:com.crm.qa.testcases.HomePageTests@572421]" name="setup" is-config="true" duration-ms="11482" started-at="2021-08-27T17:20:31Z" finished-at="2021-08-27T17:20:43Z">
          <reporter-output>
          </reporter-output>
        </test-method> <!-- setup -->
        <test-method status="PASS" signature="verifyHomePageTitleTest()[pri:1, instance:com.crm.qa.testcases.HomePageTests@572421]" name="verifyHomePageTitleTest" duration-ms="28" started-at="2021-08-27T17:20:43Z" finished-at="2021-08-27T17:20:43Z">
          <reporter-output>
          </reporter-output>
        </test-method> <!-- verifyHomePageTitleTest -->
        <test-method status="PASS" signature="tearDown(org.testng.ITestResult)[pri:0, instance:com.crm.qa.testcases.HomePageTests@572421]" name="tearDown" is-config="true" duration-ms="718" started-at="2021-08-27T17:20:43Z" finished-at="2021-08-27T17:20:43Z">
          <params>
            <param index="0">
              <value>
                <![CDATA[[TestResult name=verifyHomePageTitleTest status=SUCCESS method=HomePageTests.verifyHomePageTitleTest()[pri:1, instance:com.crm.qa.testcases.HomePageTests@572421] output={null}]]]>
              </value>
            </param>
          </params>
          <reporter-output>
          </reporter-output>
        </test-method> <!-- tearDown -->
        <test-method status="PASS" signature="setup()[pri:0, instance:com.crm.qa.testcases.HomePageTests@572421]" name="setup" is-config="true" duration-ms="12460" started-at="2021-08-27T17:21:04Z" finished-at="2021-08-27T17:21:16Z">
          <reporter-output>
          </reporter-output>
        </test-method> <!-- setup -->
        <test-method status="PASS" signature="verifyHomePageUserNameLabelTest()[pri:2, instance:com.crm.qa.testcases.HomePageTests@572421]" name="verifyHomePageUserNameLabelTest" duration-ms="255" started-at="2021-08-27T17:21:16Z" finished-at="2021-08-27T17:21:17Z">
          <reporter-output>
          </reporter-output>
        </test-method> <!-- verifyHomePageUserNameLabelTest -->
        <test-method status="PASS" signature="tearDown(org.testng.ITestResult)[pri:0, instance:com.crm.qa.testcases.HomePageTests@572421]" name="tearDown" is-config="true" duration-ms="701" started-at="2021-08-27T17:21:17Z" finished-at="2021-08-27T17:21:17Z">
          <params>
            <param index="0">
              <value>
                <![CDATA[[TestResult name=verifyHomePageUserNameLabelTest status=SUCCESS method=HomePageTests.verifyHomePageUserNameLabelTest()[pri:2, instance:com.crm.qa.testcases.HomePageTests@572421] output={null}]]]>
              </value>
            </param>
          </params>
          <reporter-output>
          </reporter-output>
        </test-method> <!-- tearDown -->
      </class> <!-- com.crm.qa.testcases.HomePageTests -->
      <class name="com.crm.qa.testcases.ContactsPageTests">
        <test-method status="PASS" signature="initialization(java.lang.String, java.lang.String, java.lang.String, java.lang.String, java.lang.String, java.lang.String, java.lang.String, java.lang.String, java.lang.String, java.lang.String, java.lang.String)[pri:0, instance:com.crm.qa.testcases.ContactsPageTests@c7ffd3]" name="initialization" is-config="true" duration-ms="157" started-at="2021-08-27T17:20:10Z" finished-at="2021-08-27T17:20:10Z">
          <params>
            <param index="0">
              <value>
                <![CDATA[chrome]]>
              </value>
            </param>
            <param index="1">
              <value>
                <![CDATA[\src\test\resources\webDrivers\]]>
              </value>
            </param>
            <param index="2">
              <value>
                <![CDATA[true]]>
              </value>
            </param>
            <param index="3">
              <value>
                <![CDATA[true]]>
              </value>
            </param>
            <param index="4">
              <value>
                <![CDATA[https://classic.freecrm.com/index.html]]>
              </value>
            </param>
            <param index="5">
              <value>
                <![CDATA[groupautomation]]>
              </value>
            </param>
            <param index="6">
              <value>
                <![CDATA[Test@12345]]>
              </value>
            </param>
            <param index="7">
              <value>
                <![CDATA[60]]>
              </value>
            </param>
            <param index="8">
              <value>
                <![CDATA[60]]>
              </value>
            </param>
            <param index="9">
              <value>
                <![CDATA[\test-output\extentreports\ExtentReport.html]]>
              </value>
            </param>
            <param index="10">
              <value>
                <![CDATA[QA]]>
              </value>
            </param>
          </params>
          <reporter-output>
          </reporter-output>
        </test-method> <!-- initialization -->
        <test-method status="PASS" signature="setup()[pri:0, instance:com.crm.qa.testcases.ContactsPageTests@c7ffd3]" name="setup" is-config="true" duration-ms="12126" started-at="2021-08-27T17:20:10Z" finished-at="2021-08-27T17:20:22Z">
          <reporter-output>
          </reporter-output>
        </test-method> <!-- setup -->
        <test-method status="PASS" signature="verifyContactsPageTitleTest()[pri:1, instance:com.crm.qa.testcases.ContactsPageTests@c7ffd3]" name="verifyContactsPageTitleTest" duration-ms="1586" started-at="2021-08-27T17:20:22Z" finished-at="2021-08-27T17:20:24Z">
          <reporter-output>
          </reporter-output>
        </test-method> <!-- verifyContactsPageTitleTest -->
        <test-method status="PASS" signature="tearDown(org.testng.ITestResult)[pri:0, instance:com.crm.qa.testcases.ContactsPageTests@c7ffd3]" name="tearDown" is-config="true" duration-ms="639" started-at="2021-08-27T17:20:24Z" finished-at="2021-08-27T17:20:24Z">
          <params>
            <param index="0">
              <value>
                <![CDATA[[TestResult name=verifyContactsPageTitleTest status=SUCCESS method=ContactsPageTests.verifyContactsPageTitleTest()[pri:1, instance:com.crm.qa.testcases.ContactsPageTests@c7ffd3] output={null}]]]>
              </value>
            </param>
          </params>
          <reporter-output>
          </reporter-output>
        </test-method> <!-- tearDown -->
        <test-method status="PASS" signature="setup()[pri:0, instance:com.crm.qa.testcases.ContactsPageTests@c7ffd3]" name="setup" is-config="true" duration-ms="10647" started-at="2021-08-27T17:20:43Z" finished-at="2021-08-27T17:20:54Z">
          <reporter-output>
          </reporter-output>
        </test-method> <!-- setup -->
        <test-method status="PASS" signature="verifyContactsPageLabelTest()[pri:2, instance:com.crm.qa.testcases.ContactsPageTests@c7ffd3]" name="verifyContactsPageLabelTest" duration-ms="1621" started-at="2021-08-27T17:20:54Z" finished-at="2021-08-27T17:20:56Z">
          <reporter-output>
          </reporter-output>
        </test-method> <!-- verifyContactsPageLabelTest -->
        <test-method status="PASS" signature="tearDown(org.testng.ITestResult)[pri:0, instance:com.crm.qa.testcases.ContactsPageTests@c7ffd3]" name="tearDown" is-config="true" duration-ms="761" started-at="2021-08-27T17:20:56Z" finished-at="2021-08-27T17:20:56Z">
          <params>
            <param index="0">
              <value>
                <![CDATA[[TestResult name=verifyContactsPageLabelTest status=SUCCESS method=ContactsPageTests.verifyContactsPageLabelTest()[pri:2, instance:com.crm.qa.testcases.ContactsPageTests@c7ffd3] output={null}]]]>
              </value>
            </param>
          </params>
          <reporter-output>
          </reporter-output>
        </test-method> <!-- tearDown -->
        <test-method status="PASS" signature="endReport()[pri:0, instance:com.crm.qa.testcases.ContactsPageTests@c7ffd3]" name="endReport" is-config="true" duration-ms="349" started-at="2021-08-27T17:21:29Z" finished-at="2021-08-27T17:21:29Z">
          <reporter-output>
          </reporter-output>
        </test-method> <!-- endReport -->
      </class> <!-- com.crm.qa.testcases.ContactsPageTests -->
    </test> <!-- FreeCRM App Test Cases -->
  </suite> <!-- FreeCRM Application Test Automation Suite -->
</testng-results>
